#
# There is insufficient memory for the Java Runtime Environment to continue.
# Native memory allocation (malloc) failed to allocate 2058688 bytes. Error detail: Chunk::new
# Possible reasons:
#   The system is out of physical RAM or swap space
#   This process is running with CompressedOops enabled, and the Java Heap may be blocking the growth of the native heap
# Possible solutions:
#   Reduce memory load on the system
#   Increase physical memory or swap space
#   Check if swap backing store is full
#   Decrease Java heap size (-Xmx/-Xms)
#   Decrease number of Java threads
#   Decrease Java thread stack sizes (-Xss)
#   Set larger code cache with -XX:ReservedCodeCacheSize=
#   JVM is running with Zero Based Compressed Oops mode in which the Java heap is
#     placed in the first 32GB address space. The Java Heap base address is the
#     maximum limit for the native heap growth. Please use -XX:HeapBaseMinAddress
#     to set the Java Heap base and to place the Java Heap above 32GB virtual address.
# This output file may be truncated or incomplete.
#
#  Out of Memory Error (arena.cpp:168), pid=21488, tid=2960
#
# JRE version: OpenJDK Runtime Environment (21.0.6) (build 21.0.6+-13368085-b895.109)
# Java VM: OpenJDK 64-Bit Server VM (21.0.6+-13368085-b895.109, mixed mode, tiered, compressed oops, compressed class ptrs, g1 gc, windows-amd64)
# No core dump will be written. Minidumps are not enabled by default on client versions of Windows
#

---------------  S U M M A R Y ------------

Command Line: org.jetbrains.kotlin.cli.jvm.K2JVMCompiler @C:\Users\ADMIN\AndroidStudioProjects\ThreeThing\app\build\20250527_3269500927809157146.compiler.options

Host: AMD Ryzen 5 7530U with Radeon Graphics         , 12 cores, 15G,  Windows 11 , 64 bit Build 26100 (10.0.26100.3912)
Time: Tue May 27 21:22:55 2025 SE Asia Standard Time elapsed time: 8.835941 seconds (0d 0h 0m 8s)

---------------  T H R E A D  ---------------

Current thread (0x000001d71924fb70):  JavaThread "C2 CompilerThread0" daemon [_thread_in_native, id=2960, stack(0x000000d39c800000,0x000000d39c900000) (1024K)]


Current CompileTask:
C2:8835 6619       4       org.jetbrains.kotlin.cli.jvm.index.JvmDependenciesIndexImpl::search (374 bytes)

Stack: [0x000000d39c800000,0x000000d39c900000]
Native frames: (J=compiled Java code, j=interpreted, Vv=VM code, C=native code)
V  [jvm.dll+0x6d0639]
V  [jvm.dll+0x85eb03]
V  [jvm.dll+0x86105e]
V  [jvm.dll+0x861743]
V  [jvm.dll+0x27e6e6]
V  [jvm.dll+0xbff6d]
V  [jvm.dll+0xc04a3]
V  [jvm.dll+0x3b61ab]
V  [jvm.dll+0x3820c7]
V  [jvm.dll+0x38153a]
V  [jvm.dll+0x247c82]
V  [jvm.dll+0x247251]
V  [jvm.dll+0x1c5f04]
V  [jvm.dll+0x2569ac]
V  [jvm.dll+0x254ef6]
V  [jvm.dll+0x3f0e96]
V  [jvm.dll+0x806ed8]
V  [jvm.dll+0x6cef0d]
C  [ucrtbase.dll+0x37b0]
C  [KERNEL32.DLL+0x2e8d7]
C  [ntdll.dll+0x9c5dc]


---------------  P R O C E S S  ---------------

Threads class SMR info:
_java_thread_list=0x000001d720a9d3c0, length=13, elements={
0x000001d77efad230, 0x000001d71923a8a0, 0x000001d71923af00, 0x000001d71923ba90,
0x000001d71923c0f0, 0x000001d71923c750, 0x000001d719266770, 0x000001d71924fb70,
0x000001d719250f50, 0x000001d7192681b0, 0x000001d719266e00, 0x000001d720c64130,
0x000001d7245315c0
}

Java Threads: ( => current thread )
  0x000001d77efad230 JavaThread "main"                              [_thread_in_Java, id=20448, stack(0x000000d39ba00000,0x000000d39bb00000) (1024K)]
  0x000001d71923a8a0 JavaThread "Reference Handler"          daemon [_thread_blocked, id=24000, stack(0x000000d39c200000,0x000000d39c300000) (1024K)]
  0x000001d71923af00 JavaThread "Finalizer"                  daemon [_thread_blocked, id=5424, stack(0x000000d39c300000,0x000000d39c400000) (1024K)]
  0x000001d71923ba90 JavaThread "Signal Dispatcher"          daemon [_thread_blocked, id=22716, stack(0x000000d39c400000,0x000000d39c500000) (1024K)]
  0x000001d71923c0f0 JavaThread "Attach Listener"            daemon [_thread_blocked, id=19460, stack(0x000000d39c500000,0x000000d39c600000) (1024K)]
  0x000001d71923c750 JavaThread "Service Thread"             daemon [_thread_blocked, id=24336, stack(0x000000d39c600000,0x000000d39c700000) (1024K)]
  0x000001d719266770 JavaThread "Monitor Deflation Thread"   daemon [_thread_blocked, id=18780, stack(0x000000d39c700000,0x000000d39c800000) (1024K)]
=>0x000001d71924fb70 JavaThread "C2 CompilerThread0"         daemon [_thread_in_native, id=2960, stack(0x000000d39c800000,0x000000d39c900000) (1024K)]
  0x000001d719250f50 JavaThread "C1 CompilerThread0"         daemon [_thread_in_native, id=10624, stack(0x000000d39c900000,0x000000d39ca00000) (1024K)]
  0x000001d7192681b0 JavaThread "Notification Thread"        daemon [_thread_blocked, id=13004, stack(0x000000d39ca00000,0x000000d39cb00000) (1024K)]
  0x000001d719266e00 JavaThread "Common-Cleaner"             daemon [_thread_blocked, id=18856, stack(0x000000d39cb00000,0x000000d39cc00000) (1024K)]
  0x000001d720c64130 JavaThread "C2 CompilerThread1"         daemon [_thread_in_native, id=3952, stack(0x000000d39cc00000,0x000000d39cd00000) (1024K)]
  0x000001d7245315c0 JavaThread "C2 CompilerThread2"         daemon [_thread_in_native, id=13812, stack(0x000000d39cd00000,0x000000d39ce00000) (1024K)]
Total: 13

Other Threads:
  0x000001d7187de330 VMThread "VM Thread"                           [id=15636, stack(0x000000d39c100000,0x000000d39c200000) (1024K)]
  0x000001d71879dd20 WatcherThread "VM Periodic Task Thread"        [id=10456, stack(0x000000d39c000000,0x000000d39c100000) (1024K)]
  0x000001d77f00f670 WorkerThread "GC Thread#0"                     [id=7992, stack(0x000000d39bb00000,0x000000d39bc00000) (1024K)]
  0x000001d719b4a160 WorkerThread "GC Thread#1"                     [id=21040, stack(0x000000d39ce00000,0x000000d39cf00000) (1024K)]
  0x000001d719b4e590 WorkerThread "GC Thread#2"                     [id=17252, stack(0x000000d39cf00000,0x000000d39d000000) (1024K)]
  0x000001d719b4e930 WorkerThread "GC Thread#3"                     [id=24528, stack(0x000000d39d000000,0x000000d39d100000) (1024K)]
  0x000001d719b4ecd0 WorkerThread "GC Thread#4"                     [id=22164, stack(0x000000d39d100000,0x000000d39d200000) (1024K)]
  0x000001d719b6f490 WorkerThread "GC Thread#5"                     [id=17128, stack(0x000000d39d200000,0x000000d39d300000) (1024K)]
  0x000001d719ca2c80 WorkerThread "GC Thread#6"                     [id=3152, stack(0x000000d39d300000,0x000000d39d400000) (1024K)]
  0x000001d719ca2540 WorkerThread "GC Thread#7"                     [id=19480, stack(0x000000d39d400000,0x000000d39d500000) (1024K)]
  0x000001d71e698b10 WorkerThread "GC Thread#8"                     [id=15712, stack(0x000000d39d700000,0x000000d39d800000) (1024K)]
  0x000001d71e698eb0 WorkerThread "GC Thread#9"                     [id=13664, stack(0x000000d39d800000,0x000000d39d900000) (1024K)]
  0x000001d77f0214c0 ConcurrentGCThread "G1 Main Marker"            [id=24492, stack(0x000000d39bc00000,0x000000d39bd00000) (1024K)]
  0x000001d77f021dd0 WorkerThread "G1 Conc#0"                       [id=16900, stack(0x000000d39bd00000,0x000000d39be00000) (1024K)]
  0x000001d719ca3760 WorkerThread "G1 Conc#1"                       [id=23560, stack(0x000000d39d500000,0x000000d39d600000) (1024K)]
  0x000001d719ca3b00 WorkerThread "G1 Conc#2"                       [id=4984, stack(0x000000d39d600000,0x000000d39d700000) (1024K)]
  0x000001d77f05ea50 ConcurrentGCThread "G1 Refine#0"               [id=7004, stack(0x000000d39be00000,0x000000d39bf00000) (1024K)]
  0x000001d7186754c0 ConcurrentGCThread "G1 Service"                [id=8736, stack(0x000000d39bf00000,0x000000d39c000000) (1024K)]
Total: 18

Threads with active compile tasks:
C2 CompilerThread0  8853 6619       4       org.jetbrains.kotlin.cli.jvm.index.JvmDependenciesIndexImpl::search (374 bytes)
C1 CompilerThread0  8853 6827       3       org.jetbrains.kotlin.fir.references.builder.FirResolvedNamedReferenceBuilder::getName (17 bytes)
C2 CompilerThread1  8853 6862       4       org.jetbrains.kotlin.protobuf.FieldSet::isInitialized (133 bytes)
C2 CompilerThread2  8853 6831       4       kotlin.collections.CollectionsKt___CollectionsKt::joinToString$default (94 bytes)
Total: 4

VM state: not at safepoint (normal execution)

VM Mutex/Monitor currently owned by a thread: None

Heap address: 0x0000000709e00000, size: 3938 MB, Compressed Oops mode: Zero based, Oop shift amount: 3

CDS archive(s) not mapped
Compressed class space mapped at: 0x0000000800000000-0x0000000840000000, reserved size: 1073741824
Narrow klass base: 0x0000000800000000, Narrow klass shift: 0, Narrow klass range: 0x40000000

GC Precious Log:
 CardTable entry size: 512
 Card Set container configuration: InlinePtr #cards 4 size 8 Array Of Cards #cards 16 size 48 Howl #buckets 8 coarsen threshold 3686 Howl Bitmap #cards 512 size 80 coarsen threshold 460 Card regions per heap region 1 cards per card region 4096
 CPUs: 12 total, 12 available
 Memory: 15751M
 Large Page Support: Disabled
 NUMA Support: Disabled
 Compressed Oops: Enabled (Zero based)
 Heap Region Size: 2M
 Heap Min Capacity: 8M
 Heap Initial Capacity: 248M
 Heap Max Capacity: 3938M
 Pre-touch: Disabled
 Parallel Workers: 10
 Concurrent Workers: 3
 Concurrent Refinement Workers: 10
 Periodic GC: Disabled

Heap:
 garbage-first heap   total 192512K, used 129024K [0x0000000709e00000, 0x0000000800000000)
  region size 2048K, 34 young (69632K), 4 survivors (8192K)
 Metaspace       used 67512K, committed 67840K, reserved 1114112K
  class space    used 7395K, committed 7552K, reserved 1048576K

Heap Regions: E=young(eden), S=young(survivor), O=old, HS=humongous(starts), HC=humongous(continues), CS=collection set, F=free, TAMS=top-at-mark-start, PB=parsable bottom
|   0|0x0000000709e00000, 0x000000070a000000, 0x000000070a000000|100%|HS|  |TAMS 0x0000000709e00000| PB 0x0000000709e00000| Complete 
|   1|0x000000070a000000, 0x000000070a200000, 0x000000070a200000|100%|HC|  |TAMS 0x000000070a000000| PB 0x000000070a000000| Complete 
|   2|0x000000070a200000, 0x000000070a400000, 0x000000070a400000|100%| O|  |TAMS 0x000000070a200000| PB 0x000000070a200000| Untracked 
|   3|0x000000070a400000, 0x000000070a600000, 0x000000070a600000|100%| O|  |TAMS 0x000000070a400000| PB 0x000000070a400000| Untracked 
|   4|0x000000070a600000, 0x000000070a800000, 0x000000070a800000|100%| O|  |TAMS 0x000000070a600000| PB 0x000000070a600000| Untracked 
|   5|0x000000070a800000, 0x000000070aa00000, 0x000000070aa00000|100%| O|  |TAMS 0x000000070a800000| PB 0x000000070a800000| Untracked 
|   6|0x000000070aa00000, 0x000000070ac00000, 0x000000070ac00000|100%| O|  |TAMS 0x000000070aa00000| PB 0x000000070aa00000| Untracked 
|   7|0x000000070ac00000, 0x000000070ae00000, 0x000000070ae00000|100%| O|  |TAMS 0x000000070ac00000| PB 0x000000070ac00000| Untracked 
|   8|0x000000070ae00000, 0x000000070b000000, 0x000000070b000000|100%| O|  |TAMS 0x000000070ae00000| PB 0x000000070ae00000| Untracked 
|   9|0x000000070b000000, 0x000000070b200000, 0x000000070b200000|100%| O|  |TAMS 0x000000070b000000| PB 0x000000070b000000| Untracked 
|  10|0x000000070b200000, 0x000000070b400000, 0x000000070b400000|100%| O|  |TAMS 0x000000070b200000| PB 0x000000070b200000| Untracked 
|  11|0x000000070b400000, 0x000000070b600000, 0x000000070b600000|100%| O|  |TAMS 0x000000070b400000| PB 0x000000070b400000| Untracked 
|  12|0x000000070b600000, 0x000000070b800000, 0x000000070b800000|100%| O|  |TAMS 0x000000070b600000| PB 0x000000070b600000| Untracked 
|  13|0x000000070b800000, 0x000000070ba00000, 0x000000070ba00000|100%| O|  |TAMS 0x000000070b800000| PB 0x000000070b800000| Untracked 
|  14|0x000000070ba00000, 0x000000070bc00000, 0x000000070bc00000|100%| O|  |TAMS 0x000000070ba00000| PB 0x000000070ba00000| Untracked 
|  15|0x000000070bc00000, 0x000000070be00000, 0x000000070be00000|100%| O|  |TAMS 0x000000070bc00000| PB 0x000000070bc00000| Untracked 
|  16|0x000000070be00000, 0x000000070c000000, 0x000000070c000000|100%| O|  |TAMS 0x000000070be00000| PB 0x000000070be00000| Untracked 
|  17|0x000000070c000000, 0x000000070c200000, 0x000000070c200000|100%| O|  |TAMS 0x000000070c000000| PB 0x000000070c000000| Untracked 
|  18|0x000000070c200000, 0x000000070c400000, 0x000000070c400000|100%| O|  |TAMS 0x000000070c200000| PB 0x000000070c200000| Untracked 
|  19|0x000000070c400000, 0x000000070c600000, 0x000000070c600000|100%| O|Cm|TAMS 0x000000070c400000| PB 0x000000070c400000| Complete 
|  20|0x000000070c600000, 0x000000070c800000, 0x000000070c800000|100%| O|  |TAMS 0x000000070c600000| PB 0x000000070c600000| Untracked 
|  21|0x000000070c800000, 0x000000070ca00000, 0x000000070ca00000|100%| O|  |TAMS 0x000000070c800000| PB 0x000000070c800000| Untracked 
|  22|0x000000070ca00000, 0x000000070cc00000, 0x000000070cc00000|100%| O|  |TAMS 0x000000070ca00000| PB 0x000000070ca00000| Untracked 
|  23|0x000000070cc00000, 0x000000070ce00000, 0x000000070ce00000|100%| O|  |TAMS 0x000000070cc00000| PB 0x000000070cc00000| Untracked 
|  24|0x000000070ce00000, 0x000000070d000000, 0x000000070d000000|100%| O|  |TAMS 0x000000070ce00000| PB 0x000000070ce00000| Untracked 
|  25|0x000000070d000000, 0x000000070d200000, 0x000000070d200000|100%| O|  |TAMS 0x000000070d000000| PB 0x000000070d000000| Untracked 
|  26|0x000000070d200000, 0x000000070d400000, 0x000000070d400000|100%| O|  |TAMS 0x000000070d200000| PB 0x000000070d200000| Untracked 
|  27|0x000000070d400000, 0x000000070d600000, 0x000000070d600000|100%| O|  |TAMS 0x000000070d400000| PB 0x000000070d400000| Untracked 
|  28|0x000000070d600000, 0x000000070d800000, 0x000000070d800000|100%| O|  |TAMS 0x000000070d600000| PB 0x000000070d600000| Untracked 
|  29|0x000000070d800000, 0x000000070da00000, 0x000000070da00000|100%| O|  |TAMS 0x000000070d800000| PB 0x000000070d800000| Untracked 
|  30|0x000000070da00000, 0x000000070dc00000, 0x000000070dc00000|100%| O|  |TAMS 0x000000070da00000| PB 0x000000070da00000| Untracked 
|  31|0x000000070dc00000, 0x000000070dc00000, 0x000000070de00000|  0%| F|  |TAMS 0x000000070dc00000| PB 0x000000070dc00000| Untracked 
|  32|0x000000070de00000, 0x000000070de00000, 0x000000070e000000|  0%| F|  |TAMS 0x000000070de00000| PB 0x000000070de00000| Untracked 
|  33|0x000000070e000000, 0x000000070e000000, 0x000000070e200000|  0%| F|  |TAMS 0x000000070e000000| PB 0x000000070e000000| Untracked 
|  34|0x000000070e200000, 0x000000070e200000, 0x000000070e400000|  0%| F|  |TAMS 0x000000070e200000| PB 0x000000070e200000| Untracked 
|  35|0x000000070e400000, 0x000000070e400000, 0x000000070e600000|  0%| F|  |TAMS 0x000000070e400000| PB 0x000000070e400000| Untracked 
|  36|0x000000070e600000, 0x000000070e600000, 0x000000070e800000|  0%| F|  |TAMS 0x000000070e600000| PB 0x000000070e600000| Untracked 
|  37|0x000000070e800000, 0x000000070e800000, 0x000000070ea00000|  0%| F|  |TAMS 0x000000070e800000| PB 0x000000070e800000| Untracked 
|  38|0x000000070ea00000, 0x000000070ea00000, 0x000000070ec00000|  0%| F|  |TAMS 0x000000070ea00000| PB 0x000000070ea00000| Untracked 
|  39|0x000000070ec00000, 0x000000070ec00000, 0x000000070ee00000|  0%| F|  |TAMS 0x000000070ec00000| PB 0x000000070ec00000| Untracked 
|  40|0x000000070ee00000, 0x000000070ee00000, 0x000000070f000000|  0%| F|  |TAMS 0x000000070ee00000| PB 0x000000070ee00000| Untracked 
|  41|0x000000070f000000, 0x000000070f000000, 0x000000070f200000|  0%| F|  |TAMS 0x000000070f000000| PB 0x000000070f000000| Untracked 
|  42|0x000000070f200000, 0x000000070f200000, 0x000000070f400000|  0%| F|  |TAMS 0x000000070f200000| PB 0x000000070f200000| Untracked 
|  43|0x000000070f400000, 0x000000070f400000, 0x000000070f600000|  0%| F|  |TAMS 0x000000070f400000| PB 0x000000070f400000| Untracked 
|  44|0x000000070f600000, 0x000000070f600000, 0x000000070f800000|  0%| F|  |TAMS 0x000000070f600000| PB 0x000000070f600000| Untracked 
|  45|0x000000070f800000, 0x000000070f800000, 0x000000070fa00000|  0%| F|  |TAMS 0x000000070f800000| PB 0x000000070f800000| Untracked 
|  46|0x000000070fa00000, 0x000000070fa00000, 0x000000070fc00000|  0%| F|  |TAMS 0x000000070fa00000| PB 0x000000070fa00000| Untracked 
|  47|0x000000070fc00000, 0x000000070fc00000, 0x000000070fe00000|  0%| F|  |TAMS 0x000000070fc00000| PB 0x000000070fc00000| Untracked 
|  48|0x000000070fe00000, 0x000000070fe00000, 0x0000000710000000|  0%| F|  |TAMS 0x000000070fe00000| PB 0x000000070fe00000| Untracked 
|  49|0x0000000710000000, 0x0000000710000000, 0x0000000710200000|  0%| F|  |TAMS 0x0000000710000000| PB 0x0000000710000000| Untracked 
|  50|0x0000000710200000, 0x0000000710200000, 0x0000000710400000|  0%| F|  |TAMS 0x0000000710200000| PB 0x0000000710200000| Untracked 
|  51|0x0000000710400000, 0x0000000710600000, 0x0000000710600000|100%| S|CS|TAMS 0x0000000710400000| PB 0x0000000710400000| Complete 
|  52|0x0000000710600000, 0x0000000710800000, 0x0000000710800000|100%| S|CS|TAMS 0x0000000710600000| PB 0x0000000710600000| Complete 
|  53|0x0000000710800000, 0x0000000710a00000, 0x0000000710a00000|100%| S|CS|TAMS 0x0000000710800000| PB 0x0000000710800000| Complete 
|  54|0x0000000710a00000, 0x0000000710c00000, 0x0000000710c00000|100%| S|CS|TAMS 0x0000000710a00000| PB 0x0000000710a00000| Complete 
|  55|0x0000000710c00000, 0x0000000710c00000, 0x0000000710e00000|  0%| F|  |TAMS 0x0000000710c00000| PB 0x0000000710c00000| Untracked 
|  56|0x0000000710e00000, 0x0000000710e00000, 0x0000000711000000|  0%| F|  |TAMS 0x0000000710e00000| PB 0x0000000710e00000| Untracked 
|  57|0x0000000711000000, 0x0000000711000000, 0x0000000711200000|  0%| F|  |TAMS 0x0000000711000000| PB 0x0000000711000000| Untracked 
|  58|0x0000000711200000, 0x0000000711200000, 0x0000000711400000|  0%| F|  |TAMS 0x0000000711200000| PB 0x0000000711200000| Untracked 
|  59|0x0000000711400000, 0x0000000711400000, 0x0000000711600000|  0%| F|  |TAMS 0x0000000711400000| PB 0x0000000711400000| Untracked 
|  60|0x0000000711600000, 0x0000000711600000, 0x0000000711800000|  0%| F|  |TAMS 0x0000000711600000| PB 0x0000000711600000| Untracked 
|  61|0x0000000711800000, 0x0000000711800000, 0x0000000711a00000|  0%| F|  |TAMS 0x0000000711800000| PB 0x0000000711800000| Untracked 
|  62|0x0000000711a00000, 0x0000000711a00000, 0x0000000711c00000|  0%| F|  |TAMS 0x0000000711a00000| PB 0x0000000711a00000| Untracked 
|  63|0x0000000711c00000, 0x0000000711c00000, 0x0000000711e00000|  0%| F|  |TAMS 0x0000000711c00000| PB 0x0000000711c00000| Untracked 
|  64|0x0000000711e00000, 0x0000000711fe0840, 0x0000000712000000| 93%| E|  |TAMS 0x0000000711e00000| PB 0x0000000711e00000| Complete 
|  65|0x0000000712000000, 0x0000000712200000, 0x0000000712200000|100%| E|CS|TAMS 0x0000000712000000| PB 0x0000000712000000| Complete 
|  66|0x0000000712200000, 0x0000000712400000, 0x0000000712400000|100%| E|CS|TAMS 0x0000000712200000| PB 0x0000000712200000| Complete 
|  67|0x0000000712400000, 0x0000000712600000, 0x0000000712600000|100%| E|CS|TAMS 0x0000000712400000| PB 0x0000000712400000| Complete 
|  68|0x0000000712600000, 0x0000000712800000, 0x0000000712800000|100%| E|CS|TAMS 0x0000000712600000| PB 0x0000000712600000| Complete 
|  69|0x0000000712800000, 0x0000000712a00000, 0x0000000712a00000|100%| E|CS|TAMS 0x0000000712800000| PB 0x0000000712800000| Complete 
|  70|0x0000000712a00000, 0x0000000712c00000, 0x0000000712c00000|100%| E|CS|TAMS 0x0000000712a00000| PB 0x0000000712a00000| Complete 
|  71|0x0000000712c00000, 0x0000000712e00000, 0x0000000712e00000|100%| E|CS|TAMS 0x0000000712c00000| PB 0x0000000712c00000| Complete 
|  72|0x0000000712e00000, 0x0000000713000000, 0x0000000713000000|100%| E|CS|TAMS 0x0000000712e00000| PB 0x0000000712e00000| Complete 
|  73|0x0000000713000000, 0x0000000713200000, 0x0000000713200000|100%| E|CS|TAMS 0x0000000713000000| PB 0x0000000713000000| Complete 
|  74|0x0000000713200000, 0x0000000713400000, 0x0000000713400000|100%| E|  |TAMS 0x0000000713200000| PB 0x0000000713200000| Complete 
|  75|0x0000000713400000, 0x0000000713600000, 0x0000000713600000|100%| E|CS|TAMS 0x0000000713400000| PB 0x0000000713400000| Complete 
|  76|0x0000000713600000, 0x0000000713800000, 0x0000000713800000|100%| E|CS|TAMS 0x0000000713600000| PB 0x0000000713600000| Complete 
|  77|0x0000000713800000, 0x0000000713a00000, 0x0000000713a00000|100%| E|CS|TAMS 0x0000000713800000| PB 0x0000000713800000| Complete 
|  78|0x0000000713a00000, 0x0000000713c00000, 0x0000000713c00000|100%| E|CS|TAMS 0x0000000713a00000| PB 0x0000000713a00000| Complete 
|  79|0x0000000713c00000, 0x0000000713e00000, 0x0000000713e00000|100%| E|CS|TAMS 0x0000000713c00000| PB 0x0000000713c00000| Complete 
|  80|0x0000000713e00000, 0x0000000714000000, 0x0000000714000000|100%| E|CS|TAMS 0x0000000713e00000| PB 0x0000000713e00000| Complete 
|  81|0x0000000714000000, 0x0000000714200000, 0x0000000714200000|100%| E|CS|TAMS 0x0000000714000000| PB 0x0000000714000000| Complete 
|  82|0x0000000714200000, 0x0000000714400000, 0x0000000714400000|100%| E|CS|TAMS 0x0000000714200000| PB 0x0000000714200000| Complete 
|  83|0x0000000714400000, 0x0000000714600000, 0x0000000714600000|100%| E|CS|TAMS 0x0000000714400000| PB 0x0000000714400000| Complete 
|  84|0x0000000714600000, 0x0000000714800000, 0x0000000714800000|100%| E|CS|TAMS 0x0000000714600000| PB 0x0000000714600000| Complete 
|  85|0x0000000714800000, 0x0000000714a00000, 0x0000000714a00000|100%| E|CS|TAMS 0x0000000714800000| PB 0x0000000714800000| Complete 
|  86|0x0000000714a00000, 0x0000000714c00000, 0x0000000714c00000|100%| E|CS|TAMS 0x0000000714a00000| PB 0x0000000714a00000| Complete 
|  87|0x0000000714c00000, 0x0000000714e00000, 0x0000000714e00000|100%| E|CS|TAMS 0x0000000714c00000| PB 0x0000000714c00000| Complete 
|  88|0x0000000714e00000, 0x0000000715000000, 0x0000000715000000|100%| E|CS|TAMS 0x0000000714e00000| PB 0x0000000714e00000| Complete 
|  89|0x0000000715000000, 0x0000000715200000, 0x0000000715200000|100%| E|CS|TAMS 0x0000000715000000| PB 0x0000000715000000| Complete 
| 106|0x0000000717200000, 0x0000000717400000, 0x0000000717400000|100%| E|CS|TAMS 0x0000000717200000| PB 0x0000000717200000| Complete 
| 107|0x0000000717400000, 0x0000000717600000, 0x0000000717600000|100%| E|CS|TAMS 0x0000000717400000| PB 0x0000000717400000| Complete 
| 108|0x0000000717600000, 0x0000000717800000, 0x0000000717800000|100%| E|CS|TAMS 0x0000000717600000| PB 0x0000000717600000| Complete 
| 123|0x0000000719400000, 0x0000000719600000, 0x0000000719600000|100%| E|CS|TAMS 0x0000000719400000| PB 0x0000000719400000| Complete 

Card table byte_map: [0x000001d712090000,0x000001d712850000] _byte_map_base: 0x000001d70e841000

Marking Bits: (CMBitMap*) 0x000001d77f010790
 Bits: [0x000001d712850000, 0x000001d7165d8000)

Polling page: 0x000001d77e5f0000

Metaspace:

Usage:
  Non-class:     58.71 MB used.
      Class:      7.22 MB used.
       Both:     65.93 MB used.

Virtual space:
  Non-class space:       64.00 MB reserved,      58.88 MB ( 92%) committed,  1 nodes.
      Class space:        1.00 GB reserved,       7.38 MB ( <1%) committed,  1 nodes.
             Both:        1.06 GB reserved,      66.25 MB (  6%) committed. 

Chunk freelists:
   Non-Class:  5.02 MB
       Class:  8.61 MB
        Both:  13.62 MB

MaxMetaspaceSize: unlimited
CompressedClassSpaceSize: 1.00 GB
Initial GC threshold: 21.00 MB
Current GC threshold: 99.06 MB
CDS: off
 - commit_granule_bytes: 65536.
 - commit_granule_words: 8192.
 - virtual_space_node_default_size: 8388608.
 - enlarge_chunks_in_place: 1.
 - use_allocation_guard: 0.


Internal statistics:

num_allocs_failed_limit: 15.
num_arena_births: 338.
num_arena_deaths: 0.
num_vsnodes_births: 2.
num_vsnodes_deaths: 0.
num_space_committed: 1060.
num_space_uncommitted: 0.
num_chunks_returned_to_freelist: 15.
num_chunks_taken_from_freelist: 2440.
num_chunk_merges: 15.
num_chunk_splits: 1996.
num_chunks_enlarged: 1791.
num_inconsistent_stats: 0.

CodeHeap 'non-profiled nmethods': size=120000Kb used=4184Kb max_used=4184Kb free=115815Kb
 bounds [0x000001d70ab60000, 0x000001d70af80000, 0x000001d712090000]
CodeHeap 'profiled nmethods': size=120000Kb used=19535Kb max_used=19535Kb free=100464Kb
 bounds [0x000001d703090000, 0x000001d7043b0000, 0x000001d70a5c0000]
CodeHeap 'non-nmethods': size=5760Kb used=1755Kb max_used=1787Kb free=4004Kb
 bounds [0x000001d70a5c0000, 0x000001d70a830000, 0x000001d70ab60000]
 total_blobs=7333 nmethods=6556 adapters=679
 compilation: enabled
              stopped_count=0, restarted_count=0
 full_count=0

Compilation events (20 events):
Event: 7.819 Thread 0x000001d719250f50 nmethod 6824 0x000001d70437b190 code [0x000001d70437b3c0, 0x000001d70437b9d0]
Event: 7.819 Thread 0x000001d719250f50 6838       3       org.jetbrains.kotlin.cli.jvm.index.JvmDependenciesIndexImpl$SearchResult::<init> (5 bytes)
Event: 7.819 Thread 0x000001d719250f50 nmethod 6838 0x000001d70437bc10 code [0x000001d70437bdc0, 0x000001d70437bf88]
Event: 7.819 Thread 0x000001d719250f50 6839       3       org.jetbrains.kotlin.cli.jvm.index.JvmDependenciesIndexImpl$SearchResult::<init> (5 bytes)
Event: 7.819 Thread 0x000001d719250f50 nmethod 6839 0x000001d70437c090 code [0x000001d70437c240, 0x000001d70437c3a8]
Event: 7.819 Thread 0x000001d719250f50 6837       3       org.jetbrains.kotlin.cli.jvm.index.JvmDependenciesIndexImpl$SearchResult$Found::<init> (28 bytes)
Event: 7.819 Thread 0x000001d719250f50 nmethod 6837 0x000001d70437c490 code [0x000001d70437c740, 0x000001d70437d340]
Event: 7.819 Thread 0x000001d719250f50 6825       3       org.jetbrains.kotlin.fir.references.builder.FirResolvedNamedReferenceBuilder::setResolvedSymbol (12 bytes)
Event: 7.820 Thread 0x000001d719250f50 nmethod 6825 0x000001d70437d790 code [0x000001d70437d9c0, 0x000001d70437dfd0]
Event: 7.820 Thread 0x000001d719250f50 6826       3       org.jetbrains.kotlin.fir.references.builder.FirResolvedNamedReferenceBuilder::build (23 bytes)
Event: 7.821 Thread 0x000001d719250f50 nmethod 6826 0x000001d70437e210 code [0x000001d70437e6e0, 0x000001d704380740]
Event: 7.821 Thread 0x000001d719250f50 6840       3       kotlin.collections.builders.SetBuilder::addAll (19 bytes)
Event: 7.821 Thread 0x000001d719250f50 nmethod 6840 0x000001d704381310 code [0x000001d704381560, 0x000001d704381cd8]
Event: 7.821 Thread 0x000001d719250f50 6843       3       org.jetbrains.kotlin.fir.scopes.impl.FirFakeOverrideGenerator::checkStatusIsResolved (154 bytes)
Event: 7.822 Thread 0x000001d719250f50 nmethod 6843 0x000001d704382010 code [0x000001d704382300, 0x000001d704383038]
Event: 7.822 Thread 0x000001d719250f50 6844       3       org.jetbrains.kotlin.fir.types.TypeUtilsKt::withReplacedReturnType (59 bytes)
Event: 7.822 Thread 0x000001d719250f50 nmethod 6844 0x000001d704383590 code [0x000001d704383800, 0x000001d704384188]
Event: 7.822 Thread 0x000001d719250f50 6854       3       org.jetbrains.kotlin.fir.scopes.impl.FirFakeOverrideGenerator::createCopyForFirFunction (381 bytes)
Event: 7.828 Thread 0x000001d720c64130 nmethod 6834 0x000001d70af73810 code [0x000001d70af73aa0, 0x000001d70af74718]
Event: 7.829 Thread 0x000001d720c64130 6842       4       org.jetbrains.kotlin.ir.declarations.lazy.SynchronizedLazyVar::<init> (27 bytes)

GC Heap History (20 events):
Event: 0.898 GC heap before
{Heap before GC invocations=1 (full 0):
 garbage-first heap   total 253952K, used 31669K [0x0000000709e00000, 0x0000000800000000)
  region size 2048K, 15 young (30720K), 2 survivors (4096K)
 Metaspace       used 21360K, committed 21504K, reserved 1114112K
  class space    used 2173K, committed 2240K, reserved 1048576K
}
Event: 0.902 GC heap after
{Heap after GC invocations=2 (full 0):
 garbage-first heap   total 253952K, used 8497K [0x0000000709e00000, 0x0000000800000000)
  region size 2048K, 3 young (6144K), 3 survivors (6144K)
 Metaspace       used 21360K, committed 21504K, reserved 1114112K
  class space    used 2173K, committed 2240K, reserved 1048576K
}
Event: 1.172 GC heap before
{Heap before GC invocations=3 (full 0):
 garbage-first heap   total 34816K, used 33073K [0x0000000709e00000, 0x0000000800000000)
  region size 2048K, 15 young (30720K), 3 survivors (6144K)
 Metaspace       used 25204K, committed 25536K, reserved 1114112K
  class space    used 2656K, committed 2816K, reserved 1048576K
}
Event: 1.181 GC heap after
{Heap after GC invocations=4 (full 0):
 garbage-first heap   total 49152K, used 16778K [0x0000000709e00000, 0x0000000800000000)
  region size 2048K, 7 young (14336K), 7 survivors (14336K)
 Metaspace       used 25204K, committed 25536K, reserved 1114112K
  class space    used 2656K, committed 2816K, reserved 1048576K
}
Event: 1.335 GC heap before
{Heap before GC invocations=4 (full 0):
 garbage-first heap   total 49152K, used 29066K [0x0000000709e00000, 0x0000000800000000)
  region size 2048K, 13 young (26624K), 7 survivors (14336K)
 Metaspace       used 27928K, committed 28160K, reserved 1114112K
  class space    used 2978K, committed 3072K, reserved 1048576K
}
Event: 1.343 GC heap after
{Heap after GC invocations=5 (full 0):
 garbage-first heap   total 49152K, used 17089K [0x0000000709e00000, 0x0000000800000000)
  region size 2048K, 1 young (2048K), 1 survivors (2048K)
 Metaspace       used 27928K, committed 28160K, reserved 1114112K
  class space    used 2978K, committed 3072K, reserved 1048576K
}
Event: 1.650 GC heap before
{Heap before GC invocations=5 (full 0):
 garbage-first heap   total 49152K, used 35521K [0x0000000709e00000, 0x0000000800000000)
  region size 2048K, 10 young (20480K), 1 survivors (2048K)
 Metaspace       used 33721K, committed 33920K, reserved 1114112K
  class space    used 4087K, committed 4160K, reserved 1048576K
}
Event: 1.653 GC heap after
{Heap after GC invocations=6 (full 0):
 garbage-first heap   total 49152K, used 18021K [0x0000000709e00000, 0x0000000800000000)
  region size 2048K, 2 young (4096K), 2 survivors (4096K)
 Metaspace       used 33721K, committed 33920K, reserved 1114112K
  class space    used 4087K, committed 4160K, reserved 1048576K
}
Event: 1.770 GC heap before
{Heap before GC invocations=6 (full 0):
 garbage-first heap   total 49152K, used 26213K [0x0000000709e00000, 0x0000000800000000)
  region size 2048K, 7 young (14336K), 2 survivors (4096K)
 Metaspace       used 35729K, committed 35968K, reserved 1114112K
  class space    used 4290K, committed 4352K, reserved 1048576K
}
Event: 1.773 GC heap after
{Heap after GC invocations=7 (full 0):
 garbage-first heap   total 49152K, used 19057K [0x0000000709e00000, 0x0000000800000000)
  region size 2048K, 2 young (4096K), 2 survivors (4096K)
 Metaspace       used 35729K, committed 35968K, reserved 1114112K
  class space    used 4290K, committed 4352K, reserved 1048576K
}
Event: 1.971 GC heap before
{Heap before GC invocations=8 (full 0):
 garbage-first heap   total 49152K, used 33393K [0x0000000709e00000, 0x0000000800000000)
  region size 2048K, 10 young (20480K), 2 survivors (4096K)
 Metaspace       used 39880K, committed 40192K, reserved 1114112K
  class space    used 4698K, committed 4864K, reserved 1048576K
}
Event: 1.975 GC heap after
{Heap after GC invocations=9 (full 0):
 garbage-first heap   total 151552K, used 19668K [0x0000000709e00000, 0x0000000800000000)
  region size 2048K, 2 young (4096K), 2 survivors (4096K)
 Metaspace       used 39880K, committed 40192K, reserved 1114112K
  class space    used 4698K, committed 4864K, reserved 1048576K
}
Event: 2.942 GC heap before
{Heap before GC invocations=9 (full 0):
 garbage-first heap   total 151552K, used 103636K [0x0000000709e00000, 0x0000000800000000)
  region size 2048K, 44 young (90112K), 2 survivors (4096K)
 Metaspace       used 51672K, committed 51968K, reserved 1114112K
  class space    used 5944K, committed 6080K, reserved 1048576K
}
Event: 2.967 GC heap after
{Heap after GC invocations=10 (full 0):
 garbage-first heap   total 151552K, used 37220K [0x0000000709e00000, 0x0000000800000000)
  region size 2048K, 6 young (12288K), 6 survivors (12288K)
 Metaspace       used 51672K, committed 51968K, reserved 1114112K
  class space    used 5944K, committed 6080K, reserved 1048576K
}
Event: 3.390 GC heap before
{Heap before GC invocations=10 (full 0):
 garbage-first heap   total 151552K, used 92516K [0x0000000709e00000, 0x0000000800000000)
  region size 2048K, 33 young (67584K), 6 survivors (12288K)
 Metaspace       used 53455K, committed 53824K, reserved 1114112K
  class space    used 6138K, committed 6272K, reserved 1048576K
}
Event: 3.412 GC heap after
{Heap after GC invocations=11 (full 0):
 garbage-first heap   total 151552K, used 51200K [0x0000000709e00000, 0x0000000800000000)
  region size 2048K, 5 young (10240K), 5 survivors (10240K)
 Metaspace       used 53455K, committed 53824K, reserved 1114112K
  class space    used 6138K, committed 6272K, reserved 1048576K
}
Event: 4.173 GC heap before
{Heap before GC invocations=11 (full 0):
 garbage-first heap   total 151552K, used 102400K [0x0000000709e00000, 0x0000000800000000)
  region size 2048K, 30 young (61440K), 5 survivors (10240K)
 Metaspace       used 57074K, committed 57344K, reserved 1114112K
  class space    used 6469K, committed 6592K, reserved 1048576K
}
Event: 4.196 GC heap after
{Heap after GC invocations=12 (full 0):
 garbage-first heap   total 151552K, used 62265K [0x0000000709e00000, 0x0000000800000000)
  region size 2048K, 4 young (8192K), 4 survivors (8192K)
 Metaspace       used 57074K, committed 57344K, reserved 1114112K
  class space    used 6469K, committed 6592K, reserved 1048576K
}
Event: 4.669 GC heap before
{Heap before GC invocations=12 (full 0):
 garbage-first heap   total 151552K, used 99129K [0x0000000709e00000, 0x0000000800000000)
  region size 2048K, 23 young (47104K), 4 survivors (8192K)
 Metaspace       used 59861K, committed 60160K, reserved 1114112K
  class space    used 6714K, committed 6848K, reserved 1048576K
}
Event: 4.685 GC heap after
{Heap after GC invocations=13 (full 0):
 garbage-first heap   total 192512K, used 71680K [0x0000000709e00000, 0x0000000800000000)
  region size 2048K, 4 young (8192K), 4 survivors (8192K)
 Metaspace       used 59861K, committed 60160K, reserved 1114112K
  class space    used 6714K, committed 6848K, reserved 1048576K
}

Dll operation events (3 events):
Event: 0.009 Loaded shared library C:\Program Files\Android\Android Studio\jbr\bin\java.dll
Event: 0.013 Loaded shared library C:\Program Files\Android\Android Studio\jbr\bin\zip.dll
Event: 1.048 Loaded shared library C:\Program Files\Android\Android Studio\jbr\bin\verify.dll

Deoptimization events (20 events):
Event: 7.804 Thread 0x000001d77efad230 Uncommon trap: trap_request=0xffffff76 fr.pc=0x000001d70af6efd8 relative=0x00000000000008d8
Event: 7.804 Thread 0x000001d77efad230 Uncommon trap: reason=predicate action=maybe_recompile pc=0x000001d70af6efd8 method=org.jetbrains.kotlin.ir.util.TransformKt.transformIfNeeded(Ljava/util/List;Lorg/jetbrains/kotlin/ir/visitors/IrElementTransformer;Ljava/lang/Object;)Ljava/util/List; @ 35 
Event: 7.804 Thread 0x000001d77efad230 DEOPT PACKING pc=0x000001d70af6efd8 sp=0x000000d39bafc770
Event: 7.804 Thread 0x000001d77efad230 DEOPT UNPACKING pc=0x000001d70a6146a2 sp=0x000000d39bafc708 mode 2
Event: 7.805 Thread 0x000001d77efad230 Uncommon trap: trap_request=0xffffffde fr.pc=0x000001d70ae73910 relative=0x00000000000004d0
Event: 7.805 Thread 0x000001d77efad230 Uncommon trap: reason=class_check action=maybe_recompile pc=0x000001d70ae73910 method=java.util.regex.Pattern$BmpCharProperty.match(Ljava/util/regex/Matcher;ILjava/lang/CharSequence;)Z @ 19 c2
Event: 7.805 Thread 0x000001d77efad230 DEOPT PACKING pc=0x000001d70ae73910 sp=0x000000d39bafcda0
Event: 7.805 Thread 0x000001d77efad230 DEOPT UNPACKING pc=0x000001d70a6146a2 sp=0x000000d39bafcc00 mode 2
Event: 7.805 Thread 0x000001d77efad230 Uncommon trap: trap_request=0xffffffde fr.pc=0x000001d70aca8988 relative=0x0000000000000468
Event: 7.805 Thread 0x000001d77efad230 Uncommon trap: reason=class_check action=maybe_recompile pc=0x000001d70aca8988 method=java.util.regex.Pattern$BmpCharProperty.match(Ljava/util/regex/Matcher;ILjava/lang/CharSequence;)Z @ 19 c2
Event: 7.805 Thread 0x000001d77efad230 DEOPT PACKING pc=0x000001d70aca8988 sp=0x000000d39bafcd30
Event: 7.805 Thread 0x000001d77efad230 DEOPT UNPACKING pc=0x000001d70a6146a2 sp=0x000000d39bafcc08 mode 2
Event: 7.806 Thread 0x000001d77efad230 Uncommon trap: trap_request=0xffffff45 fr.pc=0x000001d70af6b92c relative=0x000000000000008c
Event: 7.806 Thread 0x000001d77efad230 Uncommon trap: reason=unstable_if action=reinterpret pc=0x000001d70af6b92c method=org.jetbrains.kotlin.ir.declarations.IrValueParameter.acceptChildren(Lorg/jetbrains/kotlin/ir/visitors/IrElementVisitor;Ljava/lang/Object;)V @ 11 c2
Event: 7.806 Thread 0x000001d77efad230 DEOPT PACKING pc=0x000001d70af6b92c sp=0x000000d39bafc950
Event: 7.806 Thread 0x000001d77efad230 DEOPT UNPACKING pc=0x000001d70a6146a2 sp=0x000000d39bafc8e0 mode 2
Event: 7.806 Thread 0x000001d77efad230 Uncommon trap: trap_request=0xffffff45 fr.pc=0x000001d70af6148c relative=0x00000000000000ec
Event: 7.806 Thread 0x000001d77efad230 Uncommon trap: reason=unstable_if action=reinterpret pc=0x000001d70af6148c method=org.jetbrains.kotlin.ir.declarations.IrValueParameter.transformChildren(Lorg/jetbrains/kotlin/ir/visitors/IrElementTransformer;Ljava/lang/Object;)V @ 12 c2
Event: 7.806 Thread 0x000001d77efad230 DEOPT PACKING pc=0x000001d70af6148c sp=0x000000d39bafcba0
Event: 7.806 Thread 0x000001d77efad230 DEOPT UNPACKING pc=0x000001d70a6146a2 sp=0x000000d39bafcb48 mode 2

Classes loaded (20 events):
Event: 4.537 Loading class java/util/ServiceLoader$Provider done
Event: 4.537 Loading class java/util/ServiceLoader$ProviderImpl done
Event: 4.836 Loading class java/util/regex/Pattern$StartS
Event: 4.836 Loading class java/util/regex/Pattern$StartS done
Event: 7.425 Loading class java/lang/Short$ShortCache
Event: 7.425 Loading class java/lang/Short$ShortCache done
Event: 7.773 Loading class java/util/Formatter
Event: 7.773 Loading class java/util/Formatter done
Event: 7.773 Loading class java/util/Formatter$FixedString
Event: 7.773 Loading class java/util/Formatter$FormatString
Event: 7.773 Loading class java/util/Formatter$FormatString done
Event: 7.773 Loading class java/util/Formatter$FixedString done
Event: 7.773 Loading class java/util/Formatter$Conversion
Event: 7.773 Loading class java/util/Formatter$Conversion done
Event: 7.773 Loading class java/util/Formatter$FormatSpecifier
Event: 7.774 Loading class java/util/Formatter$FormatSpecifier done
Event: 7.774 Loading class java/util/Formattable
Event: 7.774 Loading class java/util/Formattable done
Event: 7.774 Loading class java/util/Formatter$Flags
Event: 7.774 Loading class java/util/Formatter$Flags done

Classes unloaded (0 events):
No events

Classes redefined (0 events):
No events

Internal exceptions (20 events):
Event: 3.861 Thread 0x000001d77efad230 Implicit null exception at 0x000001d70acdbf63 to 0x000001d70acdc100
Event: 3.878 Thread 0x000001d77efad230 Exception <a 'java/lang/NoSuchMethodError'{0x00000007115e7cf0}: 'java.lang.Object java.lang.invoke.DirectMethodHandle$Holder.invokeSpecial(java.lang.Object, java.lang.Object, java.lang.Object, int, java.lang.Object, java.lang.Object, java.lang.Object)'> (0x00000007115e7cf0) 
thrown [s\src\hotspot\share\interpreter\linkResolver.cpp, line 784]
Event: 3.878 Thread 0x000001d77efad230 Exception <a 'java/lang/NoSuchMethodError'{0x00000007115eb368}: 'java.lang.Object java.lang.invoke.Invokers$Holder.linkToTargetMethod(java.lang.Object, int, java.lang.Object, java.lang.Object, java.lang.Object, java.lang.Object)'> (0x00000007115eb368) 
thrown [s\src\hotspot\share\interpreter\linkResolver.cpp, line 784]
Event: 3.938 Thread 0x000001d77efad230 Exception <a 'java/lang/NoSuchMethodError'{0x0000000711170558}: 'java.lang.Object java.lang.invoke.DirectMethodHandle$Holder.newInvokeSpecial(java.lang.Object, java.lang.Object, java.lang.Object, java.lang.Object, java.lang.Object, java.lang.Object, int)'> (0x0000000711170558) 
thrown [s\src\hotspot\share\interpreter\linkResolver.cpp, line 784]
Event: 3.938 Thread 0x000001d77efad230 Exception <a 'java/lang/NoSuchMethodError'{0x0000000711174d60}: 'java.lang.Object java.lang.invoke.DirectMethodHandle$Holder.invokeSpecial(java.lang.Object, java.lang.Object, java.lang.Object, java.lang.Object, java.lang.Object, java.lang.Object, java.lang.Object, int)'> (0x0000000711174d60) 
thrown [s\src\hotspot\share\interpreter\linkResolver.cpp, line 784]
Event: 4.602 Thread 0x000001d77efad230 Implicit null exception at 0x000001d70ab93f20 to 0x000001d70ab944cc
Event: 4.604 Thread 0x000001d77efad230 Implicit null exception at 0x000001d70ab986a0 to 0x000001d70ab98c44
Event: 4.805 Thread 0x000001d77efad230 Exception <a 'java/lang/NoSuchMethodError'{0x00000007175fc2d8}: 'java.lang.Object java.lang.invoke.DirectMethodHandle$Holder.newInvokeSpecial(java.lang.Object, java.lang.Object, java.lang.Object, java.lang.Object, java.lang.Object, java.lang.Object, java.lang.Object, java.lang.Object, int)'> (0x00000007175fc2d8) 
thrown [s\src\hotspot\share\interpreter\linkResolver.cpp, line 784]
Event: 4.805 Thread 0x000001d77efad230 Exception <a 'java/lang/NoSuchMethodError'{0x00000007172012a0}: 'java.lang.Object java.lang.invoke.DirectMethodHandle$Holder.invokeSpecial(java.lang.Object, java.lang.Object, java.lang.Object, java.lang.Object, java.lang.Object, java.lang.Object, java.lang.Object, java.lang.Object, java.lang.Object, int)'> (0x00000007172012a0) 
thrown [s\src\hotspot\share\interpreter\linkResolver.cpp, line 784]
Event: 4.826 Thread 0x000001d77efad230 Exception <a 'java/lang/NoSuchMethodError'{0x0000000717329ad8}: 'java.lang.Object java.lang.invoke.DirectMethodHandle$Holder.invokeStatic(java.lang.Object, java.lang.Object, int, int)'> (0x0000000717329ad8) 
thrown [s\src\hotspot\share\interpreter\linkResolver.cpp, line 784]
Event: 4.826 Thread 0x000001d77efad230 Exception <a 'java/lang/NoSuchMethodError'{0x0000000717330ab0}: 'java.lang.Object java.lang.invoke.DirectMethodHandle$Holder.newInvokeSpecial(java.lang.Object, java.lang.Object, int, int)'> (0x0000000717330ab0) 
thrown [s\src\hotspot\share\interpreter\linkResolver.cpp, line 784]
Event: 4.826 Thread 0x000001d77efad230 Exception <a 'java/lang/NoSuchMethodError'{0x0000000717335028}: 'java.lang.Object java.lang.invoke.DirectMethodHandle$Holder.invokeSpecial(java.lang.Object, java.lang.Object, java.lang.Object, int, int)'> (0x0000000717335028) 
thrown [s\src\hotspot\share\interpreter\linkResolver.cpp, line 784]
Event: 4.846 Thread 0x000001d77efad230 Exception <a 'java/lang/NoSuchMethodError'{0x00000007173fa408}: 'java.lang.Object java.lang.invoke.DirectMethodHandle$Holder.newInvokeSpecial(java.lang.Object, java.lang.Object, java.lang.Object, java.lang.Object, java.lang.Object, java.lang.Object, java.lang.Object, int)'> (0x00000007173fa408) 
thrown [s\src\hotspot\share\interpreter\linkResolver.cpp, line 784]
Event: 4.846 Thread 0x000001d77efad230 Exception <a 'java/lang/NoSuchMethodError'{0x00000007173feaa0}: 'java.lang.Object java.lang.invoke.DirectMethodHandle$Holder.invokeSpecial(java.lang.Object, java.lang.Object, java.lang.Object, java.lang.Object, java.lang.Object, java.lang.Object, java.lang.Object, java.lang.Object, int)'> (0x00000007173feaa0) 
thrown [s\src\hotspot\share\interpreter\linkResolver.cpp, line 784]
Event: 4.846 Thread 0x000001d77efad230 Exception <a 'java/lang/NoSuchMethodError'{0x0000000715002c58}: 'java.lang.Object java.lang.invoke.Invokers$Holder.linkToTargetMethod(java.lang.Object, java.lang.Object, java.lang.Object, java.lang.Object, java.lang.Object, java.lang.Object, int, java.lang.Object)'> (0x0000000715002c58) 
thrown [s\src\hotspot\share\interpreter\linkResolver.cpp, line 784]
Event: 7.416 Thread 0x000001d77efad230 Implicit null exception at 0x000001d70aee2e0c to 0x000001d70aee30fc
Event: 7.689 Thread 0x000001d77efad230 Exception <a 'java/lang/NoSuchMethodError'{0x0000000712944930}: 'java.lang.Object java.lang.invoke.DirectMethodHandle$Holder.invokeStatic(java.lang.Object, java.lang.Object, int, java.lang.Object, java.lang.Object)'> (0x0000000712944930) 
thrown [s\src\hotspot\share\interpreter\linkResolver.cpp, line 784]
Event: 7.690 Thread 0x000001d77efad230 Exception <a 'java/lang/NoSuchMethodError'{0x000000071294bcd0}: 'java.lang.Object java.lang.invoke.DirectMethodHandle$Holder.newInvokeSpecial(java.lang.Object, java.lang.Object, int, java.lang.Object, java.lang.Object)'> (0x000000071294bcd0) 
thrown [s\src\hotspot\share\interpreter\linkResolver.cpp, line 784]
Event: 7.690 Thread 0x000001d77efad230 Exception <a 'java/lang/NoSuchMethodError'{0x00000007129501c8}: 'java.lang.Object java.lang.invoke.DirectMethodHandle$Holder.invokeSpecial(java.lang.Object, java.lang.Object, java.lang.Object, int, java.lang.Object, java.lang.Object)'> (0x00000007129501c8) 
thrown [s\src\hotspot\share\interpreter\linkResolver.cpp, line 784]
Event: 7.690 Thread 0x000001d77efad230 Exception <a 'java/lang/NoSuchMethodError'{0x0000000712953cc0}: 'java.lang.Object java.lang.invoke.Invokers$Holder.linkToTargetMethod(java.lang.Object, int, java.lang.Object, java.lang.Object, java.lang.Object)'> (0x0000000712953cc0) 
thrown [s\src\hotspot\share\interpreter\linkResolver.cpp, line 784]

ZGC Phase Switch (0 events):
No events

VM Operations (20 events):
Event: 5.058 Executing VM operation: ICBufferFull done
Event: 6.068 Executing VM operation: Cleanup
Event: 7.190 Executing VM operation: Cleanup done
Event: 7.400 Executing VM operation: ICBufferFull
Event: 7.401 Executing VM operation: ICBufferFull done
Event: 7.520 Executing VM operation: HandshakeAllThreads (Deoptimize)
Event: 7.520 Executing VM operation: HandshakeAllThreads (Deoptimize) done
Event: 7.520 Executing VM operation: HandshakeAllThreads (Deoptimize)
Event: 7.520 Executing VM operation: HandshakeAllThreads (Deoptimize) done
Event: 7.588 Executing VM operation: ICBufferFull
Event: 7.588 Executing VM operation: ICBufferFull done
Event: 7.603 Executing VM operation: HandshakeAllThreads (Deoptimize)
Event: 7.603 Executing VM operation: HandshakeAllThreads (Deoptimize) done
Event: 7.727 Executing VM operation: ICBufferFull
Event: 7.728 Executing VM operation: ICBufferFull done
Event: 7.736 Executing VM operation: HandshakeAllThreads (Deoptimize)
Event: 7.736 Executing VM operation: HandshakeAllThreads (Deoptimize) done
Event: 7.794 Executing VM operation: HandshakeAllThreads (Deoptimize)
Event: 7.794 Executing VM operation: HandshakeAllThreads (Deoptimize) done
Event: 8.802 Executing VM operation: Cleanup

Memory protections (0 events):
No events

Nmethod flushes (20 events):
Event: 4.728 Thread 0x000001d7187de330 flushing  nmethod 0x000001d703194490
Event: 4.728 Thread 0x000001d7187de330 flushing  nmethod 0x000001d703197510
Event: 4.728 Thread 0x000001d7187de330 flushing  nmethod 0x000001d70319a090
Event: 4.728 Thread 0x000001d7187de330 flushing  nmethod 0x000001d703212690
Event: 4.728 Thread 0x000001d7187de330 flushing  nmethod 0x000001d703264110
Event: 4.728 Thread 0x000001d7187de330 flushing  nmethod 0x000001d703292390
Event: 4.728 Thread 0x000001d7187de330 flushing  nmethod 0x000001d703292a90
Event: 4.728 Thread 0x000001d7187de330 flushing  nmethod 0x000001d70329c490
Event: 4.728 Thread 0x000001d7187de330 flushing  nmethod 0x000001d70329e090
Event: 4.728 Thread 0x000001d7187de330 flushing  nmethod 0x000001d7032a0b10
Event: 4.728 Thread 0x000001d7187de330 flushing  nmethod 0x000001d7032a1010
Event: 4.728 Thread 0x000001d7187de330 flushing  nmethod 0x000001d7032a1990
Event: 4.728 Thread 0x000001d7187de330 flushing  nmethod 0x000001d7032a1e90
Event: 4.728 Thread 0x000001d7187de330 flushing  nmethod 0x000001d7032a2790
Event: 4.728 Thread 0x000001d7187de330 flushing  nmethod 0x000001d7032a4690
Event: 4.728 Thread 0x000001d7187de330 flushing  nmethod 0x000001d7032f9510
Event: 4.728 Thread 0x000001d7187de330 flushing  nmethod 0x000001d7032fa290
Event: 4.728 Thread 0x000001d7187de330 flushing  nmethod 0x000001d703317510
Event: 4.728 Thread 0x000001d7187de330 flushing  nmethod 0x000001d703379c90
Event: 4.728 Thread 0x000001d7187de330 flushing  nmethod 0x000001d703379f90

Events (20 events):
Event: 0.060 Thread 0x000001d77efad230 Thread added: 0x000001d71924fb70
Event: 0.060 Thread 0x000001d77efad230 Thread added: 0x000001d719250f50
Event: 0.105 Thread 0x000001d77efad230 Thread added: 0x000001d7192681b0
Event: 0.109 Thread 0x000001d77efad230 Thread added: 0x000001d719266e00
Event: 0.118 Loaded shared library C:\Program Files\Android\Android Studio\jbr\bin\net.dll
Event: 0.120 Loaded shared library C:\Program Files\Android\Android Studio\jbr\bin\nio.dll
Event: 0.136 Thread 0x000001d71924fb70 Thread added: 0x000001d719497160
Event: 0.136 Thread 0x000001d71924fb70 Thread added: 0x000001d719497800
Event: 0.148 Loaded shared library C:\Program Files\Android\Android Studio\jbr\bin\zip.dll
Event: 0.183 Loaded shared library C:\Program Files\Android\Android Studio\jbr\bin\jimage.dll
Event: 0.902 Thread 0x000001d719497800 Thread exited: 0x000001d719497800
Event: 1.130 Thread 0x000001d719497160 Thread added: 0x000001d71e9545d0
Event: 1.976 Thread 0x000001d71e9545d0 Thread exited: 0x000001d71e9545d0
Event: 2.142 Thread 0x000001d719497160 Thread exited: 0x000001d719497160
Event: 2.165 Thread 0x000001d719250f50 Thread added: 0x000001d720c64130
Event: 2.469 Thread 0x000001d719250f50 Thread added: 0x000001d721645cd0
Event: 3.710 Thread 0x000001d721645cd0 Thread exited: 0x000001d721645cd0
Event: 3.829 Thread 0x000001d719250f50 Thread added: 0x000001d72452f3b0
Event: 4.739 Thread 0x000001d72452f3b0 Thread exited: 0x000001d72452f3b0
Event: 7.216 Thread 0x000001d71924fb70 Thread added: 0x000001d7245315c0


Dynamic libraries:
0x00007ff6980b0000 - 0x00007ff6980ba000 	C:\Program Files\Android\Android Studio\jbr\bin\java.exe
0x00007fff89840000 - 0x00007fff89aa6000 	C:\WINDOWS\SYSTEM32\ntdll.dll
0x00007fff891c0000 - 0x00007fff89289000 	C:\WINDOWS\System32\KERNEL32.DLL
0x00007fff86b10000 - 0x00007fff86edc000 	C:\WINDOWS\System32\KERNELBASE.dll
0x00007fff83a50000 - 0x00007fff83aee000 	C:\WINDOWS\SYSTEM32\apphelp.dll
0x00007fff874b0000 - 0x00007fff875fb000 	C:\WINDOWS\System32\ucrtbase.dll
0x00007fff789b0000 - 0x00007fff789cb000 	C:\Program Files\Android\Android Studio\jbr\bin\VCRUNTIME140.dll
0x00007fff73b80000 - 0x00007fff73b98000 	C:\Program Files\Android\Android Studio\jbr\bin\jli.dll
0x00007fff88ff0000 - 0x00007fff891ba000 	C:\WINDOWS\System32\USER32.dll
0x00007fff720b0000 - 0x00007fff7234a000 	C:\WINDOWS\WinSxS\amd64_microsoft.windows.common-controls_6595b64144ccf1df_6.0.26100.3912_none_3e07963ce335137e\COMCTL32.dll
0x00007fff873e0000 - 0x00007fff87407000 	C:\WINDOWS\System32\win32u.dll
0x00007fff88c80000 - 0x00007fff88d29000 	C:\WINDOWS\System32\msvcrt.dll
0x00007fff882f0000 - 0x00007fff8831b000 	C:\WINDOWS\System32\GDI32.dll
0x00007fff869d0000 - 0x00007fff86b02000 	C:\WINDOWS\System32\gdi32full.dll
0x00007fff87330000 - 0x00007fff873d3000 	C:\WINDOWS\System32\msvcp_win.dll
0x00007fff88140000 - 0x00007fff88170000 	C:\WINDOWS\System32\IMM32.DLL
0x00007fff83930000 - 0x00007fff8393c000 	C:\Program Files\Android\Android Studio\jbr\bin\vcruntime140_1.dll
0x00007fff52a10000 - 0x00007fff52a9d000 	C:\Program Files\Android\Android Studio\jbr\bin\msvcp140.dll
0x00007fff29a90000 - 0x00007fff2a71b000 	C:\Program Files\Android\Android Studio\jbr\bin\server\jvm.dll
0x00007fff88380000 - 0x00007fff88432000 	C:\WINDOWS\System32\ADVAPI32.dll
0x00007fff89620000 - 0x00007fff896c6000 	C:\WINDOWS\System32\sechost.dll
0x00007fff896e0000 - 0x00007fff897f6000 	C:\WINDOWS\System32\RPCRT4.dll
0x00007fff895a0000 - 0x00007fff89614000 	C:\WINDOWS\System32\WS2_32.dll
0x00007fff86660000 - 0x00007fff866be000 	C:\WINDOWS\SYSTEM32\POWRPROF.dll
0x00007fff7fb00000 - 0x00007fff7fb0b000 	C:\WINDOWS\SYSTEM32\VERSION.dll
0x00007fff7d2e0000 - 0x00007fff7d316000 	C:\WINDOWS\SYSTEM32\WINMM.dll
0x00007fff86640000 - 0x00007fff86654000 	C:\WINDOWS\SYSTEM32\UMPDC.dll
0x00007fff85770000 - 0x00007fff8578a000 	C:\WINDOWS\SYSTEM32\kernel.appcore.dll
0x00007fff78820000 - 0x00007fff7882a000 	C:\Program Files\Android\Android Studio\jbr\bin\jimage.dll
0x00007fff7a050000 - 0x00007fff7a291000 	C:\WINDOWS\SYSTEM32\DBGHELP.DLL
0x00007fff88440000 - 0x00007fff887c4000 	C:\WINDOWS\System32\combase.dll
0x00007fff894b0000 - 0x00007fff89590000 	C:\WINDOWS\System32\OLEAUT32.dll
0x00007fff6cd60000 - 0x00007fff6cd99000 	C:\WINDOWS\SYSTEM32\dbgcore.DLL
0x00007fff87410000 - 0x00007fff874a9000 	C:\WINDOWS\System32\bcryptPrimitives.dll
0x00007fff78800000 - 0x00007fff78820000 	C:\Program Files\Android\Android Studio\jbr\bin\java.dll
0x00007fff78210000 - 0x00007fff78228000 	C:\Program Files\Android\Android Studio\jbr\bin\zip.dll
0x00007fff87600000 - 0x00007fff87d2d000 	C:\WINDOWS\System32\SHELL32.dll
0x00007fff86ee0000 - 0x00007fff87054000 	C:\WINDOWS\System32\wintypes.dll
0x00007fff84600000 - 0x00007fff84e56000 	C:\WINDOWS\SYSTEM32\windows.storage.dll
0x00007fff88040000 - 0x00007fff8812f000 	C:\WINDOWS\System32\SHCORE.dll
0x00007fff89290000 - 0x00007fff892f9000 	C:\WINDOWS\System32\shlwapi.dll
0x00007fff868e0000 - 0x00007fff8690f000 	C:\WINDOWS\SYSTEM32\profapi.dll
0x00007fff787f0000 - 0x00007fff78800000 	C:\Program Files\Android\Android Studio\jbr\bin\net.dll
0x00007fff7f9a0000 - 0x00007fff7fabe000 	C:\WINDOWS\SYSTEM32\WINHTTP.dll
0x00007fff85d00000 - 0x00007fff85d6a000 	C:\WINDOWS\system32\mswsock.dll
0x00007fff77a60000 - 0x00007fff77a76000 	C:\Program Files\Android\Android Studio\jbr\bin\nio.dll
0x00007fff73c20000 - 0x00007fff73c30000 	C:\Program Files\Android\Android Studio\jbr\bin\verify.dll

dbghelp: loaded successfully - version: 4.0.5 - missing functions: none
symbol engine: initialized successfully - sym options: 0x614 - pdb path: .;C:\Program Files\Android\Android Studio\jbr\bin;C:\WINDOWS\SYSTEM32;C:\WINDOWS\WinSxS\amd64_microsoft.windows.common-controls_6595b64144ccf1df_6.0.26100.3912_none_3e07963ce335137e;C:\Program Files\Android\Android Studio\jbr\bin\server

VM Arguments:
java_command: org.jetbrains.kotlin.cli.jvm.K2JVMCompiler @C:\Users\ADMIN\AndroidStudioProjects\ThreeThing\app\build\20250527_3269500927809157146.compiler.options
java_class_path (initial): C:\Users\ADMIN\.gradle\caches\modules-2\files-2.1\org.jetbrains.kotlin\kotlin-compiler-embeddable\2.0.21\79346ed53db48b18312a472602eb5c057070c54d\kotlin-compiler-embeddable-2.0.21.jar;C:\Users\ADMIN\.gradle\caches\modules-2\files-2.1\org.jetbrains.kotlin\kotlin-stdlib\2.0.21\618b539767b4899b4660a83006e052b63f1db551\kotlin-stdlib-2.0.21.jar;C:\Users\ADMIN\.gradle\caches\modules-2\files-2.1\org.jetbrains.kotlin\kotlin-script-runtime\2.0.21\c9b044380ad41f89aa89aa896c2d32a8c0b2129d\kotlin-script-runtime-2.0.21.jar;C:\Users\ADMIN\.gradle\caches\modules-2\files-2.1\org.jetbrains.kotlin\kotlin-reflect\1.6.10\1cbe9c92c12a94eea200d23c2bbaedaf3daf5132\kotlin-reflect-1.6.10.jar;C:\Users\ADMIN\.gradle\caches\modules-2\files-2.1\org.jetbrains.kotlin\kotlin-daemon-embeddable\2.0.21\c9e933b23287de9b5a17e2116b4657bb91aea72c\kotlin-daemon-embeddable-2.0.21.jar;C:\Users\ADMIN\.gradle\caches\modules-2\files-2.1\org.jetbrains.intellij.deps\trove4j\1.0.20200330\3afb14d5f9ceb459d724e907a21145e8ff394f02\trove4j-1.0.20200330.jar;C:\Users\ADMIN\.gradle\caches\modules-2\files-2.1\org.jetbrains.kotlinx\kotlinx-coroutines-core-jvm\1.6.4\2c997cd1c0ef33f3e751d3831929aeff1390cb30\kotlinx-coroutines-core-jvm-1.6.4.jar;C:\Users\ADMIN\.gradle\caches\modules-2\files-2.1\org.jetbrains\annotations\13.0\919f0dfe192fb4e063e7dacadee7f8bb9a2672a9\annotations-13.0.jar
Launcher Type: SUN_STANDARD

[Global flags]
     intx CICompilerCount                          = 4                                         {product} {ergonomic}
     uint ConcGCThreads                            = 3                                         {product} {ergonomic}
     uint G1ConcRefinementThreads                  = 10                                        {product} {ergonomic}
   size_t G1HeapRegionSize                         = 2097152                                   {product} {ergonomic}
    uintx GCDrainStackTargetSize                   = 64                                        {product} {ergonomic}
   size_t InitialHeapSize                          = 260046848                                 {product} {ergonomic}
   size_t MarkStackSize                            = 4194304                                   {product} {ergonomic}
   size_t MaxHeapSize                              = 4129292288                                {product} {ergonomic}
   size_t MaxNewSize                               = 2476736512                                {product} {ergonomic}
   size_t MinHeapDeltaBytes                        = 2097152                                   {product} {ergonomic}
   size_t MinHeapSize                              = 8388608                                   {product} {ergonomic}
    uintx NonNMethodCodeHeapSize                   = 5839372                                {pd product} {ergonomic}
    uintx NonProfiledCodeHeapSize                  = 122909434                              {pd product} {ergonomic}
    uintx ProfiledCodeHeapSize                     = 122909434                              {pd product} {ergonomic}
    uintx ReservedCodeCacheSize                    = 251658240                              {pd product} {ergonomic}
     bool SegmentedCodeCache                       = true                                      {product} {ergonomic}
   size_t SoftMaxHeapSize                          = 4129292288                             {manageable} {ergonomic}
     bool UseCompressedOops                        = true                           {product lp64_product} {ergonomic}
     bool UseG1GC                                  = true                                      {product} {ergonomic}
     bool UseLargePagesIndividualAllocation        = false                                  {pd product} {ergonomic}

Logging:
Log output configuration:
 #0: stdout all=warning uptime,level,tags foldmultilines=false
 #1: stderr all=off uptime,level,tags foldmultilines=false

Environment Variables:
PATH=C:\Program Files\Google\Chrome\Application;C:\WINDOWS\system32;C:\WINDOWS;C:\WINDOWS\System32\Wbem;C:\WINDOWS\System32\WindowsPowerShell\v1.0\;C:\WINDOWS\System32\OpenSSH\;C:\Program Files (x86)\Microsoft SQL Server\Client SDK\ODBC\110\Tools\Binn\;C:\Program Files (x86)\Microsoft SQL Server\120\Tools\Binn\;C:\Program Files (x86)\Microsoft SQL Server\120\DTS\Binn\;C:\Users\ADMIN\AppData\Local\Microsoft\WindowsApps;C:\Users\ADMIN\AppData\Local\Programs\Microsoft VS Code\bin;
USERNAME=ADMIN
OS=Windows_NT
PROCESSOR_IDENTIFIER=AMD64 Family 25 Model 80 Stepping 0, AuthenticAMD
TMP=C:\Users\ADMIN\AppData\Local\Temp
TEMP=C:\Users\ADMIN\AppData\Local\Temp




Periodic native trim disabled

JNI global refs:
JNI global refs: 12, weak refs: 19

JNI global refs memory usage: 835, weak refs: 833

Process memory usage:
Resident Set Size: 400712K (2% of 16129328K total physical memory with 2512896K free physical memory)

OOME stack traces (most recent first):
Classloader memory used:
Loader jdk.internal.loader.ClassLoaders$AppClassLoader                                 : 55381K
Loader bootstrap                                                                       : 10929K
Loader java.net.URLClassLoader                                                         : 1212K

---------------  S Y S T E M  ---------------

OS:
 Windows 11 , 64 bit Build 26100 (10.0.26100.3912)
OS uptime: 8 days 22:13 hours
Hyper-V role detected

CPU: total 12 (initial active 12) (12 cores per cpu, 2 threads per core) family 25 model 80 stepping 0 microcode 0xa50000d, cx8, cmov, fxsr, ht, mmx, 3dnowpref, sse, sse2, sse3, ssse3, sse4a, sse4.1, sse4.2, popcnt, lzcnt, tsc, tscinvbit, avx, avx2, aes, erms, clmul, bmi1, bmi2, adx, sha, fma, vzeroupper, clflush, clflushopt, hv, rdtscp, rdpid, fsrm, f16c, cet_ss
Processor Information for the first 12 processors :
  Max Mhz: 2000, Current Mhz: 2000, Mhz Limit: 2000

Memory: 4k page, system-wide physical 15751M (2432M free)
TotalPageFile size 19847M (AvailPageFile size 0M)
current process WorkingSet (physical memory assigned to process): 394M, peak: 394M
current process commit charge ("private bytes"): 428M, peak: 429M

vm_info: OpenJDK 64-Bit Server VM (21.0.6+-13368085-b895.109) for windows-amd64 JRE (21.0.6+-13368085-b895.109), built on 2025-04-16T17:01:31Z by "builder" with MS VC++ 16.10 / 16.11 (VS2019)

END.
