#
# There is insufficient memory for the Java Runtime Environment to continue.
# Native memory allocation (malloc) failed to allocate 1117696 bytes. Error detail: Chunk::new
# Possible reasons:
#   The system is out of physical RAM or swap space
#   This process is running with CompressedOops enabled, and the Java Heap may be blocking the growth of the native heap
# Possible solutions:
#   Reduce memory load on the system
#   Increase physical memory or swap space
#   Check if swap backing store is full
#   Decrease Java heap size (-Xmx/-Xms)
#   Decrease number of Java threads
#   Decrease Java thread stack sizes (-Xss)
#   Set larger code cache with -XX:ReservedCodeCacheSize=
#   JVM is running with Zero Based Compressed Oops mode in which the Java heap is
#     placed in the first 32GB address space. The Java Heap base address is the
#     maximum limit for the native heap growth. Please use -XX:HeapBaseMinAddress
#     to set the Java Heap base and to place the Java Heap above 32GB virtual address.
# This output file may be truncated or incomplete.
#
#  Out of Memory Error (arena.cpp:168), pid=22252, tid=14544
#
# JRE version: OpenJDK Runtime Environment (21.0.6) (build 21.0.6+-13368085-b895.109)
# Java VM: OpenJDK 64-Bit Server VM (21.0.6+-13368085-b895.109, mixed mode, tiered, compressed oops, compressed class ptrs, g1 gc, windows-amd64)
# No core dump will be written. Minidumps are not enabled by default on client versions of Windows
#

---------------  S U M M A R Y ------------

Command Line: git4idea.http.GitAskPassApp Username for 'https://github.com': 

Host: AMD Ryzen 5 7530U with Radeon Graphics         , 12 cores, 15G,  Windows 11 , 64 bit Build 26100 (10.0.26100.3912)
Time: Thu May 29 18:22:34 2025 SE Asia Standard Time elapsed time: 4.285503 seconds (0d 0h 0m 4s)

---------------  T H R E A D  ---------------

Current thread (0x000001e9983e2050):  JavaThread "C2 CompilerThread1" daemon [_thread_in_native, id=14544, stack(0x0000009914400000,0x0000009914500000) (1024K)]


Current CompileTask:
C2:4285 1077       4       sun.security.ec.ECOperations::setDouble (463 bytes)

Stack: [0x0000009914400000,0x0000009914500000]
Native frames: (J=compiled Java code, j=interpreted, Vv=VM code, C=native code)
V  [jvm.dll+0x6d0639]
V  [jvm.dll+0x85eb03]
V  [jvm.dll+0x86105e]
V  [jvm.dll+0x861743]
V  [jvm.dll+0x27e6e6]
V  [jvm.dll+0xbff6d]
V  [jvm.dll+0xc04a3]
V  [jvm.dll+0x2f2780]
V  [jvm.dll+0x5fa409]
V  [jvm.dll+0x250d92]
V  [jvm.dll+0x25114f]
V  [jvm.dll+0x2498f5]
V  [jvm.dll+0x24714e]
V  [jvm.dll+0x1c5f04]
V  [jvm.dll+0x2569ac]
V  [jvm.dll+0x254ef6]
V  [jvm.dll+0x3f0e96]
V  [jvm.dll+0x806ed8]
V  [jvm.dll+0x6cef0d]
C  [ucrtbase.dll+0x37b0]
C  [KERNEL32.DLL+0x2e8d7]
C  [ntdll.dll+0x9c5dc]


---------------  P R O C E S S  ---------------

Threads class SMR info:
_java_thread_list=0x000001e9983f9800, length=15, elements={
0x000001e9f919f470, 0x000001e9934ac8b0, 0x000001e9934ad300, 0x000001e9934ae210,
0x000001e9934c7860, 0x000001e9934c82b0, 0x000001e9934c8d00, 0x000001e9934d1840,
0x000001e9934f9840, 0x000001e993679ba0, 0x000001e993680230, 0x000001e99836bc00,
0x000001e9983b3930, 0x000001e9983bd7f0, 0x000001e9983e2050
}

Java Threads: ( => current thread )
  0x000001e9f919f470 JavaThread "main"                              [_thread_blocked, id=14440, stack(0x0000009912e00000,0x0000009912f00000) (1024K)]
  0x000001e9934ac8b0 JavaThread "Reference Handler"          daemon [_thread_blocked, id=20368, stack(0x0000009913600000,0x0000009913700000) (1024K)]
  0x000001e9934ad300 JavaThread "Finalizer"                  daemon [_thread_blocked, id=21880, stack(0x0000009913700000,0x0000009913800000) (1024K)]
  0x000001e9934ae210 JavaThread "Signal Dispatcher"          daemon [_thread_blocked, id=8684, stack(0x0000009913800000,0x0000009913900000) (1024K)]
  0x000001e9934c7860 JavaThread "Attach Listener"            daemon [_thread_blocked, id=4016, stack(0x0000009913900000,0x0000009913a00000) (1024K)]
  0x000001e9934c82b0 JavaThread "Service Thread"             daemon [_thread_blocked, id=16324, stack(0x0000009913a00000,0x0000009913b00000) (1024K)]
  0x000001e9934c8d00 JavaThread "Monitor Deflation Thread"   daemon [_thread_blocked, id=10424, stack(0x0000009913b00000,0x0000009913c00000) (1024K)]
  0x000001e9934d1840 JavaThread "C2 CompilerThread0"         daemon [_thread_blocked, id=16728, stack(0x0000009913c00000,0x0000009913d00000) (1024K)]
  0x000001e9934f9840 JavaThread "C1 CompilerThread0"         daemon [_thread_blocked, id=5332, stack(0x0000009913d00000,0x0000009913e00000) (1024K)]
  0x000001e993679ba0 JavaThread "Notification Thread"        daemon [_thread_blocked, id=11256, stack(0x0000009913e00000,0x0000009913f00000) (1024K)]
  0x000001e993680230 JavaThread "Common-Cleaner"             daemon [_thread_blocked, id=7188, stack(0x0000009913f00000,0x0000009914000000) (1024K)]
  0x000001e99836bc00 JavaThread "HttpClient-1-SelectorManager" daemon [_thread_in_native, id=5388, stack(0x0000009914000000,0x0000009914100000) (1024K)]
  0x000001e9983b3930 JavaThread "HttpClient-1-Worker-0"      daemon [_thread_blocked, id=12960, stack(0x0000009914200000,0x0000009914300000) (1024K)]
  0x000001e9983bd7f0 JavaThread "HttpClient-1-Worker-1"      daemon [_thread_blocked, id=15248, stack(0x0000009914300000,0x0000009914400000) (1024K)]
=>0x000001e9983e2050 JavaThread "C2 CompilerThread1"         daemon [_thread_in_native, id=14544, stack(0x0000009914400000,0x0000009914500000) (1024K)]
Total: 15

Other Threads:
  0x000001e993454cb0 VMThread "VM Thread"                           [id=16468, stack(0x0000009913500000,0x0000009913600000) (1024K)]
  0x000001e9ffcad3c0 WatcherThread "VM Periodic Task Thread"        [id=4296, stack(0x0000009913400000,0x0000009913500000) (1024K)]
  0x000001e9f91fa080 WorkerThread "GC Thread#0"                     [id=4464, stack(0x0000009912f00000,0x0000009913000000) (1024K)]
  0x000001e9f920a670 ConcurrentGCThread "G1 Main Marker"            [id=8928, stack(0x0000009913000000,0x0000009913100000) (1024K)]
  0x000001e9f920bfb0 WorkerThread "G1 Conc#0"                       [id=17140, stack(0x0000009913100000,0x0000009913200000) (1024K)]
  0x000001e9ffb78ac0 ConcurrentGCThread "G1 Refine#0"               [id=18516, stack(0x0000009913200000,0x0000009913300000) (1024K)]
  0x000001e9ffb7b3e0 ConcurrentGCThread "G1 Service"                [id=2520, stack(0x0000009913300000,0x0000009913400000) (1024K)]
Total: 7

Threads with active compile tasks:
C2 CompilerThread1  4340 1077       4       sun.security.ec.ECOperations::setDouble (463 bytes)
Total: 1

VM state: not at safepoint (normal execution)

VM Mutex/Monitor currently owned by a thread: None

Heap address: 0x0000000709e00000, size: 3938 MB, Compressed Oops mode: Zero based, Oop shift amount: 3

CDS archive(s) not mapped
Compressed class space mapped at: 0x0000000800000000-0x0000000840000000, reserved size: 1073741824
Narrow klass base: 0x0000000800000000, Narrow klass shift: 0, Narrow klass range: 0x40000000

GC Precious Log:
 CardTable entry size: 512
 Card Set container configuration: InlinePtr #cards 4 size 8 Array Of Cards #cards 16 size 48 Howl #buckets 8 coarsen threshold 3686 Howl Bitmap #cards 512 size 80 coarsen threshold 460 Card regions per heap region 1 cards per card region 4096
 CPUs: 12 total, 12 available
 Memory: 15751M
 Large Page Support: Disabled
 NUMA Support: Disabled
 Compressed Oops: Enabled (Zero based)
 Heap Region Size: 2M
 Heap Min Capacity: 8M
 Heap Initial Capacity: 248M
 Heap Max Capacity: 3938M
 Pre-touch: Disabled
 Parallel Workers: 10
 Concurrent Workers: 3
 Concurrent Refinement Workers: 10
 Periodic GC: Disabled

Heap:
 garbage-first heap   total 253952K, used 14336K [0x0000000709e00000, 0x0000000800000000)
  region size 2048K, 8 young (16384K), 0 survivors (0K)
 Metaspace       used 16899K, committed 17152K, reserved 1114112K
  class space    used 1792K, committed 1920K, reserved 1048576K

Heap Regions: E=young(eden), S=young(survivor), O=old, HS=humongous(starts), HC=humongous(continues), CS=collection set, F=free, TAMS=top-at-mark-start, PB=parsable bottom
|   0|0x0000000709e00000, 0x0000000709e00000, 0x000000070a000000|  0%| F|  |TAMS 0x0000000709e00000| PB 0x0000000709e00000| Untracked 
|   1|0x000000070a000000, 0x000000070a000000, 0x000000070a200000|  0%| F|  |TAMS 0x000000070a000000| PB 0x000000070a000000| Untracked 
|   2|0x000000070a200000, 0x000000070a200000, 0x000000070a400000|  0%| F|  |TAMS 0x000000070a200000| PB 0x000000070a200000| Untracked 
|   3|0x000000070a400000, 0x000000070a400000, 0x000000070a600000|  0%| F|  |TAMS 0x000000070a400000| PB 0x000000070a400000| Untracked 
|   4|0x000000070a600000, 0x000000070a600000, 0x000000070a800000|  0%| F|  |TAMS 0x000000070a600000| PB 0x000000070a600000| Untracked 
|   5|0x000000070a800000, 0x000000070a800000, 0x000000070aa00000|  0%| F|  |TAMS 0x000000070a800000| PB 0x000000070a800000| Untracked 
|   6|0x000000070aa00000, 0x000000070aa00000, 0x000000070ac00000|  0%| F|  |TAMS 0x000000070aa00000| PB 0x000000070aa00000| Untracked 
|   7|0x000000070ac00000, 0x000000070ac00000, 0x000000070ae00000|  0%| F|  |TAMS 0x000000070ac00000| PB 0x000000070ac00000| Untracked 
|   8|0x000000070ae00000, 0x000000070ae00000, 0x000000070b000000|  0%| F|  |TAMS 0x000000070ae00000| PB 0x000000070ae00000| Untracked 
|   9|0x000000070b000000, 0x000000070b000000, 0x000000070b200000|  0%| F|  |TAMS 0x000000070b000000| PB 0x000000070b000000| Untracked 
|  10|0x000000070b200000, 0x000000070b200000, 0x000000070b400000|  0%| F|  |TAMS 0x000000070b200000| PB 0x000000070b200000| Untracked 
|  11|0x000000070b400000, 0x000000070b400000, 0x000000070b600000|  0%| F|  |TAMS 0x000000070b400000| PB 0x000000070b400000| Untracked 
|  12|0x000000070b600000, 0x000000070b600000, 0x000000070b800000|  0%| F|  |TAMS 0x000000070b600000| PB 0x000000070b600000| Untracked 
|  13|0x000000070b800000, 0x000000070b800000, 0x000000070ba00000|  0%| F|  |TAMS 0x000000070b800000| PB 0x000000070b800000| Untracked 
|  14|0x000000070ba00000, 0x000000070ba00000, 0x000000070bc00000|  0%| F|  |TAMS 0x000000070ba00000| PB 0x000000070ba00000| Untracked 
|  15|0x000000070bc00000, 0x000000070bc00000, 0x000000070be00000|  0%| F|  |TAMS 0x000000070bc00000| PB 0x000000070bc00000| Untracked 
|  16|0x000000070be00000, 0x000000070be00000, 0x000000070c000000|  0%| F|  |TAMS 0x000000070be00000| PB 0x000000070be00000| Untracked 
|  17|0x000000070c000000, 0x000000070c000000, 0x000000070c200000|  0%| F|  |TAMS 0x000000070c000000| PB 0x000000070c000000| Untracked 
|  18|0x000000070c200000, 0x000000070c200000, 0x000000070c400000|  0%| F|  |TAMS 0x000000070c200000| PB 0x000000070c200000| Untracked 
|  19|0x000000070c400000, 0x000000070c400000, 0x000000070c600000|  0%| F|  |TAMS 0x000000070c400000| PB 0x000000070c400000| Untracked 
|  20|0x000000070c600000, 0x000000070c600000, 0x000000070c800000|  0%| F|  |TAMS 0x000000070c600000| PB 0x000000070c600000| Untracked 
|  21|0x000000070c800000, 0x000000070c800000, 0x000000070ca00000|  0%| F|  |TAMS 0x000000070c800000| PB 0x000000070c800000| Untracked 
|  22|0x000000070ca00000, 0x000000070ca00000, 0x000000070cc00000|  0%| F|  |TAMS 0x000000070ca00000| PB 0x000000070ca00000| Untracked 
|  23|0x000000070cc00000, 0x000000070cc00000, 0x000000070ce00000|  0%| F|  |TAMS 0x000000070cc00000| PB 0x000000070cc00000| Untracked 
|  24|0x000000070ce00000, 0x000000070ce00000, 0x000000070d000000|  0%| F|  |TAMS 0x000000070ce00000| PB 0x000000070ce00000| Untracked 
|  25|0x000000070d000000, 0x000000070d000000, 0x000000070d200000|  0%| F|  |TAMS 0x000000070d000000| PB 0x000000070d000000| Untracked 
|  26|0x000000070d200000, 0x000000070d200000, 0x000000070d400000|  0%| F|  |TAMS 0x000000070d200000| PB 0x000000070d200000| Untracked 
|  27|0x000000070d400000, 0x000000070d400000, 0x000000070d600000|  0%| F|  |TAMS 0x000000070d400000| PB 0x000000070d400000| Untracked 
|  28|0x000000070d600000, 0x000000070d600000, 0x000000070d800000|  0%| F|  |TAMS 0x000000070d600000| PB 0x000000070d600000| Untracked 
|  29|0x000000070d800000, 0x000000070d800000, 0x000000070da00000|  0%| F|  |TAMS 0x000000070d800000| PB 0x000000070d800000| Untracked 
|  30|0x000000070da00000, 0x000000070da00000, 0x000000070dc00000|  0%| F|  |TAMS 0x000000070da00000| PB 0x000000070da00000| Untracked 
|  31|0x000000070dc00000, 0x000000070dc00000, 0x000000070de00000|  0%| F|  |TAMS 0x000000070dc00000| PB 0x000000070dc00000| Untracked 
|  32|0x000000070de00000, 0x000000070de00000, 0x000000070e000000|  0%| F|  |TAMS 0x000000070de00000| PB 0x000000070de00000| Untracked 
|  33|0x000000070e000000, 0x000000070e000000, 0x000000070e200000|  0%| F|  |TAMS 0x000000070e000000| PB 0x000000070e000000| Untracked 
|  34|0x000000070e200000, 0x000000070e200000, 0x000000070e400000|  0%| F|  |TAMS 0x000000070e200000| PB 0x000000070e200000| Untracked 
|  35|0x000000070e400000, 0x000000070e400000, 0x000000070e600000|  0%| F|  |TAMS 0x000000070e400000| PB 0x000000070e400000| Untracked 
|  36|0x000000070e600000, 0x000000070e600000, 0x000000070e800000|  0%| F|  |TAMS 0x000000070e600000| PB 0x000000070e600000| Untracked 
|  37|0x000000070e800000, 0x000000070e800000, 0x000000070ea00000|  0%| F|  |TAMS 0x000000070e800000| PB 0x000000070e800000| Untracked 
|  38|0x000000070ea00000, 0x000000070ea00000, 0x000000070ec00000|  0%| F|  |TAMS 0x000000070ea00000| PB 0x000000070ea00000| Untracked 
|  39|0x000000070ec00000, 0x000000070ec00000, 0x000000070ee00000|  0%| F|  |TAMS 0x000000070ec00000| PB 0x000000070ec00000| Untracked 
|  40|0x000000070ee00000, 0x000000070ee00000, 0x000000070f000000|  0%| F|  |TAMS 0x000000070ee00000| PB 0x000000070ee00000| Untracked 
|  41|0x000000070f000000, 0x000000070f000000, 0x000000070f200000|  0%| F|  |TAMS 0x000000070f000000| PB 0x000000070f000000| Untracked 
|  42|0x000000070f200000, 0x000000070f200000, 0x000000070f400000|  0%| F|  |TAMS 0x000000070f200000| PB 0x000000070f200000| Untracked 
|  43|0x000000070f400000, 0x000000070f400000, 0x000000070f600000|  0%| F|  |TAMS 0x000000070f400000| PB 0x000000070f400000| Untracked 
|  44|0x000000070f600000, 0x000000070f600000, 0x000000070f800000|  0%| F|  |TAMS 0x000000070f600000| PB 0x000000070f600000| Untracked 
|  45|0x000000070f800000, 0x000000070f800000, 0x000000070fa00000|  0%| F|  |TAMS 0x000000070f800000| PB 0x000000070f800000| Untracked 
|  46|0x000000070fa00000, 0x000000070fa00000, 0x000000070fc00000|  0%| F|  |TAMS 0x000000070fa00000| PB 0x000000070fa00000| Untracked 
|  47|0x000000070fc00000, 0x000000070fc00000, 0x000000070fe00000|  0%| F|  |TAMS 0x000000070fc00000| PB 0x000000070fc00000| Untracked 
|  48|0x000000070fe00000, 0x000000070fe00000, 0x0000000710000000|  0%| F|  |TAMS 0x000000070fe00000| PB 0x000000070fe00000| Untracked 
|  49|0x0000000710000000, 0x0000000710000000, 0x0000000710200000|  0%| F|  |TAMS 0x0000000710000000| PB 0x0000000710000000| Untracked 
|  50|0x0000000710200000, 0x0000000710200000, 0x0000000710400000|  0%| F|  |TAMS 0x0000000710200000| PB 0x0000000710200000| Untracked 
|  51|0x0000000710400000, 0x0000000710400000, 0x0000000710600000|  0%| F|  |TAMS 0x0000000710400000| PB 0x0000000710400000| Untracked 
|  52|0x0000000710600000, 0x0000000710600000, 0x0000000710800000|  0%| F|  |TAMS 0x0000000710600000| PB 0x0000000710600000| Untracked 
|  53|0x0000000710800000, 0x0000000710800000, 0x0000000710a00000|  0%| F|  |TAMS 0x0000000710800000| PB 0x0000000710800000| Untracked 
|  54|0x0000000710a00000, 0x0000000710a00000, 0x0000000710c00000|  0%| F|  |TAMS 0x0000000710a00000| PB 0x0000000710a00000| Untracked 
|  55|0x0000000710c00000, 0x0000000710c00000, 0x0000000710e00000|  0%| F|  |TAMS 0x0000000710c00000| PB 0x0000000710c00000| Untracked 
|  56|0x0000000710e00000, 0x0000000710e00000, 0x0000000711000000|  0%| F|  |TAMS 0x0000000710e00000| PB 0x0000000710e00000| Untracked 
|  57|0x0000000711000000, 0x0000000711000000, 0x0000000711200000|  0%| F|  |TAMS 0x0000000711000000| PB 0x0000000711000000| Untracked 
|  58|0x0000000711200000, 0x0000000711200000, 0x0000000711400000|  0%| F|  |TAMS 0x0000000711200000| PB 0x0000000711200000| Untracked 
|  59|0x0000000711400000, 0x0000000711400000, 0x0000000711600000|  0%| F|  |TAMS 0x0000000711400000| PB 0x0000000711400000| Untracked 
|  60|0x0000000711600000, 0x0000000711600000, 0x0000000711800000|  0%| F|  |TAMS 0x0000000711600000| PB 0x0000000711600000| Untracked 
|  61|0x0000000711800000, 0x0000000711800000, 0x0000000711a00000|  0%| F|  |TAMS 0x0000000711800000| PB 0x0000000711800000| Untracked 
|  62|0x0000000711a00000, 0x0000000711a00000, 0x0000000711c00000|  0%| F|  |TAMS 0x0000000711a00000| PB 0x0000000711a00000| Untracked 
|  63|0x0000000711c00000, 0x0000000711c00000, 0x0000000711e00000|  0%| F|  |TAMS 0x0000000711c00000| PB 0x0000000711c00000| Untracked 
|  64|0x0000000711e00000, 0x0000000711e00000, 0x0000000712000000|  0%| F|  |TAMS 0x0000000711e00000| PB 0x0000000711e00000| Untracked 
|  65|0x0000000712000000, 0x0000000712000000, 0x0000000712200000|  0%| F|  |TAMS 0x0000000712000000| PB 0x0000000712000000| Untracked 
|  66|0x0000000712200000, 0x0000000712200000, 0x0000000712400000|  0%| F|  |TAMS 0x0000000712200000| PB 0x0000000712200000| Untracked 
|  67|0x0000000712400000, 0x0000000712400000, 0x0000000712600000|  0%| F|  |TAMS 0x0000000712400000| PB 0x0000000712400000| Untracked 
|  68|0x0000000712600000, 0x0000000712600000, 0x0000000712800000|  0%| F|  |TAMS 0x0000000712600000| PB 0x0000000712600000| Untracked 
|  69|0x0000000712800000, 0x0000000712800000, 0x0000000712a00000|  0%| F|  |TAMS 0x0000000712800000| PB 0x0000000712800000| Untracked 
|  70|0x0000000712a00000, 0x0000000712a00000, 0x0000000712c00000|  0%| F|  |TAMS 0x0000000712a00000| PB 0x0000000712a00000| Untracked 
|  71|0x0000000712c00000, 0x0000000712c00000, 0x0000000712e00000|  0%| F|  |TAMS 0x0000000712c00000| PB 0x0000000712c00000| Untracked 
|  72|0x0000000712e00000, 0x0000000712e00000, 0x0000000713000000|  0%| F|  |TAMS 0x0000000712e00000| PB 0x0000000712e00000| Untracked 
|  73|0x0000000713000000, 0x0000000713000000, 0x0000000713200000|  0%| F|  |TAMS 0x0000000713000000| PB 0x0000000713000000| Untracked 
|  74|0x0000000713200000, 0x0000000713200000, 0x0000000713400000|  0%| F|  |TAMS 0x0000000713200000| PB 0x0000000713200000| Untracked 
|  75|0x0000000713400000, 0x0000000713400000, 0x0000000713600000|  0%| F|  |TAMS 0x0000000713400000| PB 0x0000000713400000| Untracked 
|  76|0x0000000713600000, 0x0000000713600000, 0x0000000713800000|  0%| F|  |TAMS 0x0000000713600000| PB 0x0000000713600000| Untracked 
|  77|0x0000000713800000, 0x0000000713800000, 0x0000000713a00000|  0%| F|  |TAMS 0x0000000713800000| PB 0x0000000713800000| Untracked 
|  78|0x0000000713a00000, 0x0000000713a00000, 0x0000000713c00000|  0%| F|  |TAMS 0x0000000713a00000| PB 0x0000000713a00000| Untracked 
|  79|0x0000000713c00000, 0x0000000713c00000, 0x0000000713e00000|  0%| F|  |TAMS 0x0000000713c00000| PB 0x0000000713c00000| Untracked 
|  80|0x0000000713e00000, 0x0000000713e00000, 0x0000000714000000|  0%| F|  |TAMS 0x0000000713e00000| PB 0x0000000713e00000| Untracked 
|  81|0x0000000714000000, 0x0000000714000000, 0x0000000714200000|  0%| F|  |TAMS 0x0000000714000000| PB 0x0000000714000000| Untracked 
|  82|0x0000000714200000, 0x0000000714200000, 0x0000000714400000|  0%| F|  |TAMS 0x0000000714200000| PB 0x0000000714200000| Untracked 
|  83|0x0000000714400000, 0x0000000714400000, 0x0000000714600000|  0%| F|  |TAMS 0x0000000714400000| PB 0x0000000714400000| Untracked 
|  84|0x0000000714600000, 0x0000000714600000, 0x0000000714800000|  0%| F|  |TAMS 0x0000000714600000| PB 0x0000000714600000| Untracked 
|  85|0x0000000714800000, 0x0000000714800000, 0x0000000714a00000|  0%| F|  |TAMS 0x0000000714800000| PB 0x0000000714800000| Untracked 
|  86|0x0000000714a00000, 0x0000000714a00000, 0x0000000714c00000|  0%| F|  |TAMS 0x0000000714a00000| PB 0x0000000714a00000| Untracked 
|  87|0x0000000714c00000, 0x0000000714c00000, 0x0000000714e00000|  0%| F|  |TAMS 0x0000000714c00000| PB 0x0000000714c00000| Untracked 
|  88|0x0000000714e00000, 0x0000000714e00000, 0x0000000715000000|  0%| F|  |TAMS 0x0000000714e00000| PB 0x0000000714e00000| Untracked 
|  89|0x0000000715000000, 0x0000000715000000, 0x0000000715200000|  0%| F|  |TAMS 0x0000000715000000| PB 0x0000000715000000| Untracked 
|  90|0x0000000715200000, 0x0000000715200000, 0x0000000715400000|  0%| F|  |TAMS 0x0000000715200000| PB 0x0000000715200000| Untracked 
|  91|0x0000000715400000, 0x0000000715400000, 0x0000000715600000|  0%| F|  |TAMS 0x0000000715400000| PB 0x0000000715400000| Untracked 
|  92|0x0000000715600000, 0x0000000715600000, 0x0000000715800000|  0%| F|  |TAMS 0x0000000715600000| PB 0x0000000715600000| Untracked 
|  93|0x0000000715800000, 0x0000000715800000, 0x0000000715a00000|  0%| F|  |TAMS 0x0000000715800000| PB 0x0000000715800000| Untracked 
|  94|0x0000000715a00000, 0x0000000715a00000, 0x0000000715c00000|  0%| F|  |TAMS 0x0000000715a00000| PB 0x0000000715a00000| Untracked 
|  95|0x0000000715c00000, 0x0000000715c00000, 0x0000000715e00000|  0%| F|  |TAMS 0x0000000715c00000| PB 0x0000000715c00000| Untracked 
|  96|0x0000000715e00000, 0x0000000715e00000, 0x0000000716000000|  0%| F|  |TAMS 0x0000000715e00000| PB 0x0000000715e00000| Untracked 
|  97|0x0000000716000000, 0x0000000716000000, 0x0000000716200000|  0%| F|  |TAMS 0x0000000716000000| PB 0x0000000716000000| Untracked 
|  98|0x0000000716200000, 0x0000000716200000, 0x0000000716400000|  0%| F|  |TAMS 0x0000000716200000| PB 0x0000000716200000| Untracked 
|  99|0x0000000716400000, 0x0000000716400000, 0x0000000716600000|  0%| F|  |TAMS 0x0000000716400000| PB 0x0000000716400000| Untracked 
| 100|0x0000000716600000, 0x0000000716600000, 0x0000000716800000|  0%| F|  |TAMS 0x0000000716600000| PB 0x0000000716600000| Untracked 
| 101|0x0000000716800000, 0x0000000716800000, 0x0000000716a00000|  0%| F|  |TAMS 0x0000000716800000| PB 0x0000000716800000| Untracked 
| 102|0x0000000716a00000, 0x0000000716a00000, 0x0000000716c00000|  0%| F|  |TAMS 0x0000000716a00000| PB 0x0000000716a00000| Untracked 
| 103|0x0000000716c00000, 0x0000000716c00000, 0x0000000716e00000|  0%| F|  |TAMS 0x0000000716c00000| PB 0x0000000716c00000| Untracked 
| 104|0x0000000716e00000, 0x0000000716e00000, 0x0000000717000000|  0%| F|  |TAMS 0x0000000716e00000| PB 0x0000000716e00000| Untracked 
| 105|0x0000000717000000, 0x0000000717000000, 0x0000000717200000|  0%| F|  |TAMS 0x0000000717000000| PB 0x0000000717000000| Untracked 
| 106|0x0000000717200000, 0x0000000717200000, 0x0000000717400000|  0%| F|  |TAMS 0x0000000717200000| PB 0x0000000717200000| Untracked 
| 107|0x0000000717400000, 0x0000000717400000, 0x0000000717600000|  0%| F|  |TAMS 0x0000000717400000| PB 0x0000000717400000| Untracked 
| 108|0x0000000717600000, 0x0000000717600000, 0x0000000717800000|  0%| F|  |TAMS 0x0000000717600000| PB 0x0000000717600000| Untracked 
| 109|0x0000000717800000, 0x0000000717800000, 0x0000000717a00000|  0%| F|  |TAMS 0x0000000717800000| PB 0x0000000717800000| Untracked 
| 110|0x0000000717a00000, 0x0000000717a00000, 0x0000000717c00000|  0%| F|  |TAMS 0x0000000717a00000| PB 0x0000000717a00000| Untracked 
| 111|0x0000000717c00000, 0x0000000717c00000, 0x0000000717e00000|  0%| F|  |TAMS 0x0000000717c00000| PB 0x0000000717c00000| Untracked 
| 112|0x0000000717e00000, 0x0000000717e00000, 0x0000000718000000|  0%| F|  |TAMS 0x0000000717e00000| PB 0x0000000717e00000| Untracked 
| 113|0x0000000718000000, 0x0000000718000000, 0x0000000718200000|  0%| F|  |TAMS 0x0000000718000000| PB 0x0000000718000000| Untracked 
| 114|0x0000000718200000, 0x0000000718200000, 0x0000000718400000|  0%| F|  |TAMS 0x0000000718200000| PB 0x0000000718200000| Untracked 
| 115|0x0000000718400000, 0x0000000718400000, 0x0000000718600000|  0%| F|  |TAMS 0x0000000718400000| PB 0x0000000718400000| Untracked 
| 116|0x0000000718600000, 0x00000007187c3d88, 0x0000000718800000| 88%| E|  |TAMS 0x0000000718600000| PB 0x0000000718600000| Complete 
| 117|0x0000000718800000, 0x0000000718a00000, 0x0000000718a00000|100%| E|CS|TAMS 0x0000000718800000| PB 0x0000000718800000| Complete 
| 118|0x0000000718a00000, 0x0000000718c00000, 0x0000000718c00000|100%| E|CS|TAMS 0x0000000718a00000| PB 0x0000000718a00000| Complete 
| 119|0x0000000718c00000, 0x0000000718e00000, 0x0000000718e00000|100%| E|CS|TAMS 0x0000000718c00000| PB 0x0000000718c00000| Complete 
| 120|0x0000000718e00000, 0x0000000719000000, 0x0000000719000000|100%| E|CS|TAMS 0x0000000718e00000| PB 0x0000000718e00000| Complete 
| 121|0x0000000719000000, 0x0000000719200000, 0x0000000719200000|100%| E|CS|TAMS 0x0000000719000000| PB 0x0000000719000000| Complete 
| 122|0x0000000719200000, 0x0000000719400000, 0x0000000719400000|100%| E|CS|TAMS 0x0000000719200000| PB 0x0000000719200000| Complete 
| 123|0x0000000719400000, 0x0000000719600000, 0x0000000719600000|100%| E|CS|TAMS 0x0000000719400000| PB 0x0000000719400000| Complete 

Card table byte_map: [0x000001e9fd010000,0x000001e9fd7d0000] _byte_map_base: 0x000001e9f97c1000

Marking Bits: (CMBitMap*) 0x000001e9f91fa780
 Bits: [0x000001e98f000000, 0x000001e992d88000)

Polling page: 0x000001e9f88a0000

Metaspace:

Usage:
  Non-class:     14.75 MB used.
      Class:      1.75 MB used.
       Both:     16.50 MB used.

Virtual space:
  Non-class space:       64.00 MB reserved,      14.88 MB ( 23%) committed,  1 nodes.
      Class space:        1.00 GB reserved,       1.88 MB ( <1%) committed,  1 nodes.
             Both:        1.06 GB reserved,      16.75 MB (  2%) committed. 

Chunk freelists:
   Non-Class:  784.00 KB
       Class:  14.16 MB
        Both:  14.92 MB

MaxMetaspaceSize: unlimited
CompressedClassSpaceSize: 1.00 GB
Initial GC threshold: 21.00 MB
Current GC threshold: 21.00 MB
CDS: off
 - commit_granule_bytes: 65536.
 - commit_granule_words: 8192.
 - virtual_space_node_default_size: 8388608.
 - enlarge_chunks_in_place: 1.
 - use_allocation_guard: 0.


Internal statistics:

num_allocs_failed_limit: 0.
num_arena_births: 244.
num_arena_deaths: 0.
num_vsnodes_births: 2.
num_vsnodes_deaths: 0.
num_space_committed: 268.
num_space_uncommitted: 0.
num_chunks_returned_to_freelist: 0.
num_chunks_taken_from_freelist: 443.
num_chunk_merges: 0.
num_chunk_splits: 245.
num_chunks_enlarged: 110.
num_inconsistent_stats: 0.

CodeHeap 'non-profiled nmethods': size=120000Kb used=397Kb max_used=397Kb free=119602Kb
 bounds [0x000001e987ad0000, 0x000001e987d40000, 0x000001e98f000000]
CodeHeap 'profiled nmethods': size=120000Kb used=1899Kb max_used=1899Kb free=118100Kb
 bounds [0x000001e980000000, 0x000001e980270000, 0x000001e987530000]
CodeHeap 'non-nmethods': size=5760Kb used=1409Kb max_used=1425Kb free=4351Kb
 bounds [0x000001e987530000, 0x000001e9877a0000, 0x000001e987ad0000]
 total_blobs=1679 nmethods=1164 adapters=420
 compilation: enabled
              stopped_count=0, restarted_count=0
 full_count=0

Compilation events (20 events):
Event: 2.251 Thread 0x000001e9934f9840 1156   !   3       java.lang.invoke.MethodHandleNatives::linkMethodHandleConstant (50 bytes)
Event: 2.251 Thread 0x000001e9934f9840 nmethod 1156 0x000001e9801d6110 code [0x000001e9801d62e0, 0x000001e9801d64e8]
Event: 2.251 Thread 0x000001e9934f9840 1157       3       java.lang.invoke.MethodHandles$Lookup::linkMethodHandleConstant (223 bytes)
Event: 2.252 Thread 0x000001e9934f9840 nmethod 1157 0x000001e9801d6690 code [0x000001e9801d6a80, 0x000001e9801d8278]
Event: 2.252 Thread 0x000001e9934f9840 1158       3       java.lang.StringBuilder::<init> (6 bytes)
Event: 2.252 Thread 0x000001e9934f9840 nmethod 1158 0x000001e9801d8a10 code [0x000001e9801d8bc0, 0x000001e9801d8cf8]
Event: 3.263 Thread 0x000001e9934f9840 1159       3       java.nio.ByteBuffer::hasArray (20 bytes)
Event: 3.264 Thread 0x000001e9934f9840 nmethod 1159 0x000001e9801d8d90 code [0x000001e9801d8f40, 0x000001e9801d90d8]
Event: 3.264 Thread 0x000001e9934f9840 1160   !   3       jdk.internal.misc.ScopedMemoryAccess::copyMemory (27 bytes)
Event: 3.265 Thread 0x000001e9934f9840 nmethod 1160 0x000001e9801d9190 code [0x000001e9801d93a0, 0x000001e9801d99c0]
Event: 3.265 Thread 0x000001e9934f9840 1162       3       java.util.concurrent.locks.ReentrantLock::unlock (10 bytes)
Event: 3.265 Thread 0x000001e9934f9840 nmethod 1162 0x000001e9801d9d90 code [0x000001e9801d9f60, 0x000001e9801da240]
Event: 3.265 Thread 0x000001e9934f9840 1161   !   3       jdk.internal.misc.ScopedMemoryAccess::copyMemoryInternal (56 bytes)
Event: 3.265 Thread 0x000001e9934d1840 1164       4       java.nio.Buffer::checkIndex (12 bytes)
Event: 3.265 Thread 0x000001e9934f9840 nmethod 1161 0x000001e9801da390 code [0x000001e9801da580, 0x000001e9801daab8]
Event: 3.265 Thread 0x000001e9934f9840 1163       1       java.util.concurrent.atomic.AtomicInteger::get (5 bytes)
Event: 3.265 Thread 0x000001e9934f9840 nmethod 1163 0x000001e987b32d90 code [0x000001e987b32f20, 0x000001e987b32fe8]
Event: 3.266 Thread 0x000001e9934d1840 nmethod 1164 0x000001e987b33090 code [0x000001e987b33220, 0x000001e987b332f0]
Event: 3.267 Thread 0x000001e9934f9840 1165       1       sun.security.provider.DigestBase::engineGetDigestLength (5 bytes)
Event: 3.268 Thread 0x000001e9934f9840 nmethod 1165 0x000001e987b33390 code [0x000001e987b33520, 0x000001e987b335e8]

GC Heap History (0 events):
No events

Dll operation events (2 events):
Event: 0.011 Loaded shared library C:\Program Files\Android\Android Studio\jbr\bin\java.dll
Event: 0.464 Loaded shared library C:\Program Files\Android\Android Studio\jbr\bin\zip.dll

Deoptimization events (20 events):
Event: 2.195 Thread 0x000001e9983b3930 Uncommon trap: trap_request=0xffffff66 fr.pc=0x000001e987b2a474 relative=0x0000000000000314
Event: 2.195 Thread 0x000001e9983b3930 Uncommon trap: reason=speculate_class_check action=maybe_recompile pc=0x000001e987b2a474 method=sun.security.util.math.intpoly.IntegerPolynomial.multByInt([JJ)V @ 26 c2
Event: 2.195 Thread 0x000001e9983b3930 DEOPT PACKING pc=0x000001e987b2a474 sp=0x00000099142fe520
Event: 2.195 Thread 0x000001e9983b3930 DEOPT UNPACKING pc=0x000001e9875846a2 sp=0x00000099142fe460 mode 2
Event: 2.195 Thread 0x000001e9983b3930 Uncommon trap: trap_request=0xffffffde fr.pc=0x000001e987b25c28 relative=0x0000000000000268
Event: 2.195 Thread 0x000001e9983b3930 Uncommon trap: reason=class_check action=maybe_recompile pc=0x000001e987b25c28 method=sun.security.util.math.intpoly.IntegerPolynomial.multByInt([JJ)V @ 26 c2
Event: 2.195 Thread 0x000001e9983b3930 DEOPT PACKING pc=0x000001e987b25c28 sp=0x00000099142fe490
Event: 2.195 Thread 0x000001e9983b3930 DEOPT UNPACKING pc=0x000001e9875846a2 sp=0x00000099142fe460 mode 2
Event: 2.195 Thread 0x000001e9983b3930 Uncommon trap: trap_request=0xffffffde fr.pc=0x000001e987b25c28 relative=0x0000000000000268
Event: 2.195 Thread 0x000001e9983b3930 Uncommon trap: reason=class_check action=maybe_recompile pc=0x000001e987b25c28 method=sun.security.util.math.intpoly.IntegerPolynomial.multByInt([JJ)V @ 26 c2
Event: 2.195 Thread 0x000001e9983b3930 DEOPT PACKING pc=0x000001e987b25c28 sp=0x00000099142fe490
Event: 2.195 Thread 0x000001e9983b3930 DEOPT UNPACKING pc=0x000001e9875846a2 sp=0x00000099142fe460 mode 2
Event: 2.195 Thread 0x000001e9983b3930 Uncommon trap: trap_request=0xffffffde fr.pc=0x000001e987b25c28 relative=0x0000000000000268
Event: 2.195 Thread 0x000001e9983b3930 Uncommon trap: reason=class_check action=maybe_recompile pc=0x000001e987b25c28 method=sun.security.util.math.intpoly.IntegerPolynomial.multByInt([JJ)V @ 26 c2
Event: 2.195 Thread 0x000001e9983b3930 DEOPT PACKING pc=0x000001e987b25c28 sp=0x00000099142fe490
Event: 2.195 Thread 0x000001e9983b3930 DEOPT UNPACKING pc=0x000001e9875846a2 sp=0x00000099142fe460 mode 2
Event: 2.195 Thread 0x000001e9983b3930 Uncommon trap: trap_request=0xffffffde fr.pc=0x000001e987b25c28 relative=0x0000000000000268
Event: 2.195 Thread 0x000001e9983b3930 Uncommon trap: reason=class_check action=maybe_recompile pc=0x000001e987b25c28 method=sun.security.util.math.intpoly.IntegerPolynomial.multByInt([JJ)V @ 26 c2
Event: 2.195 Thread 0x000001e9983b3930 DEOPT PACKING pc=0x000001e987b25c28 sp=0x00000099142fe490
Event: 2.195 Thread 0x000001e9983b3930 DEOPT UNPACKING pc=0x000001e9875846a2 sp=0x00000099142fe460 mode 2

Classes loaded (20 events):
Event: 2.226 Loading class jdk/internal/event/TLSHandshakeEvent
Event: 2.226 Loading class jdk/internal/event/TLSHandshakeEvent done
Event: 2.226 Loading class com/sun/crypto/provider/GaloisCounterMode$GCMEncrypt
Event: 2.227 Loading class com/sun/crypto/provider/GaloisCounterMode$GCMEncrypt done
Event: 2.227 Loading class com/sun/crypto/provider/GaloisCounterMode$EncryptOp
Event: 2.227 Loading class com/sun/crypto/provider/GaloisCounterMode$EncryptOp done
Event: 2.227 Loading class sun/security/ssl/CipherSuite$1
Event: 2.227 Loading class sun/security/ssl/CipherSuite$1 done
Event: 2.228 Loading class java/util/concurrent/CompletionException
Event: 2.229 Loading class java/util/concurrent/CompletionException done
Event: 2.247 Loading class java/util/Collections$UnmodifiableMap$UnmodifiableEntrySet
Event: 2.247 Loading class java/util/Collections$UnmodifiableMap$UnmodifiableEntrySet done
Event: 2.247 Loading class java/util/Collections$UnmodifiableMap$UnmodifiableEntrySet$1
Event: 2.247 Loading class java/util/Collections$UnmodifiableMap$UnmodifiableEntrySet$1 done
Event: 2.247 Loading class java/util/Collections$UnmodifiableMap$UnmodifiableEntrySet$UnmodifiableEntry
Event: 2.247 Loading class java/util/Collections$UnmodifiableMap$UnmodifiableEntrySet$UnmodifiableEntry done
Event: 3.266 Loading class sun/security/ssl/NewSessionTicket$T13NewSessionTicketMessage
Event: 3.267 Loading class sun/security/ssl/NewSessionTicket$NewSessionTicketMessage
Event: 3.267 Loading class sun/security/ssl/NewSessionTicket$NewSessionTicketMessage done
Event: 3.267 Loading class sun/security/ssl/NewSessionTicket$T13NewSessionTicketMessage done

Classes unloaded (0 events):
No events

Classes redefined (0 events):
No events

Internal exceptions (20 events):
Event: 0.850 Thread 0x000001e9f919f470 Exception <a 'java/lang/NoSuchMethodError'{0x0000000718e6fb38}: 'int java.lang.invoke.DirectMethodHandle$Holder.invokeStaticInit(java.lang.Object, long, long)'> (0x0000000718e6fb38) 
thrown [s\src\hotspot\share\interpreter\linkResolver.cpp, line 784]
Event: 0.851 Thread 0x000001e9f919f470 Exception <a 'java/lang/NoSuchMethodError'{0x0000000718e76810}: 'int java.lang.invoke.DirectMethodHandle$Holder.invokeStaticInit(java.lang.Object, float, float)'> (0x0000000718e76810) 
thrown [s\src\hotspot\share\interpreter\linkResolver.cpp, line 784]
Event: 0.852 Thread 0x000001e9f919f470 Exception <a 'java/lang/NoSuchMethodError'{0x0000000718e7d2a0}: 'int java.lang.invoke.DirectMethodHandle$Holder.invokeStaticInit(java.lang.Object, double, double)'> (0x0000000718e7d2a0) 
thrown [s\src\hotspot\share\interpreter\linkResolver.cpp, line 784]
Event: 0.852 Thread 0x000001e9f919f470 Exception <a 'java/lang/NoSuchMethodError'{0x0000000718e81928}: 'int java.lang.invoke.DirectMethodHandle$Holder.invokeStatic(java.lang.Object, long)'> (0x0000000718e81928) 
thrown [s\src\hotspot\share\interpreter\linkResolver.cpp, line 784]
Event: 0.857 Thread 0x000001e9f919f470 Exception <a 'java/lang/NoSuchMethodError'{0x0000000718eae870}: 'java.lang.Object java.lang.invoke.DelegatingMethodHandle$Holder.delegate(java.lang.Object, int, java.lang.Object, java.lang.Object)'> (0x0000000718eae870) 
thrown [s\src\hotspot\share\interpreter\linkResolver.cpp, line 784]
Event: 0.859 Thread 0x000001e9f919f470 Exception <a 'java/lang/NoSuchMethodError'{0x0000000718ebdb90}: 'int java.lang.invoke.Invokers$Holder.linkToTargetMethod(java.lang.Object, java.lang.Object, java.lang.Object)'> (0x0000000718ebdb90) 
thrown [s\src\hotspot\share\interpreter\linkResolver.cpp, line 784]
Event: 0.864 Thread 0x000001e9f919f470 Exception <a 'java/lang/NoSuchMethodError'{0x0000000718eed538}: 'long java.lang.invoke.DirectMethodHandle$Holder.invokeSpecial(java.lang.Object, java.lang.Object)'> (0x0000000718eed538) 
thrown [s\src\hotspot\share\interpreter\linkResolver.cpp, line 784]
Event: 0.865 Thread 0x000001e9f919f470 Exception <a 'java/lang/NoSuchMethodError'{0x0000000718ef3e08}: 'int java.lang.invoke.DirectMethodHandle$Holder.invokeStatic(java.lang.Object, java.lang.Object, java.lang.Object, java.lang.Object)'> (0x0000000718ef3e08) 
thrown [s\src\hotspot\share\interpreter\linkResolver.cpp, line 784]
Event: 0.865 Thread 0x000001e9f919f470 Exception <a 'java/lang/NoSuchMethodError'{0x0000000718ef7228}: 'java.lang.Object java.lang.invoke.Invokers$Holder.invokeExact_MT(java.lang.Object, java.lang.Object, java.lang.Object, java.lang.Object, java.lang.Object, java.lang.Object)'> (0x0000000718ef7228) 
thrown [s\src\hotspot\share\interpreter\linkResolver.cpp, line 784]
Event: 2.009 Thread 0x000001e9f919f470 Exception <a 'java/lang/NoSuchMethodError'{0x0000000718cc10f0}: 'java.lang.Object java.lang.invoke.DirectMethodHandle$Holder.newInvokeSpecial(java.lang.Object, java.lang.Object, java.lang.Object, java.lang.Object, java.lang.Object)'> (0x0000000718cc10f0) 
thrown [s\src\hotspot\share\interpreter\linkResolver.cpp, line 784]
Event: 2.042 Thread 0x000001e9f919f470 Exception <a 'java/lang/NoSuchMethodError'{0x0000000718a8f290}: 'java.lang.Object java.lang.invoke.DirectMethodHandle$Holder.invokeSpecial(java.lang.Object, java.lang.Object, java.lang.Object, java.lang.Object, int)'> (0x0000000718a8f290) 
thrown [s\src\hotspot\share\interpreter\linkResolver.cpp, line 784]
Event: 2.042 Thread 0x000001e9f919f470 Exception <a 'java/lang/NoSuchMethodError'{0x0000000718a92bf8}: 'java.lang.Object java.lang.invoke.Invokers$Holder.linkToTargetMethod(java.lang.Object, java.lang.Object, int, java.lang.Object)'> (0x0000000718a92bf8) 
thrown [s\src\hotspot\share\interpreter\linkResolver.cpp, line 784]
Event: 2.048 Thread 0x000001e9f919f470 Exception <a 'java/lang/NoSuchMethodError'{0x0000000718abdc70}: 'void java.lang.invoke.DirectMethodHandle$Holder.invokeSpecial(java.lang.Object, java.lang.Object, java.lang.Object)'> (0x0000000718abdc70) 
thrown [s\src\hotspot\share\interpreter\linkResolver.cpp, line 784]
Event: 2.062 Thread 0x000001e99836bc00 Exception <a 'java/lang/NoSuchMethodError'{0x0000000718d01338}: 'void java.lang.invoke.DirectMethodHandle$Holder.invokeStatic(java.lang.Object, java.lang.Object, int)'> (0x0000000718d01338) 
thrown [s\src\hotspot\share\interpreter\linkResolver.cpp, line 784]
Event: 2.063 Thread 0x000001e9f919f470 Exception <a 'java/lang/NoSuchMethodError'{0x0000000718b43b10}: 'void java.lang.invoke.DirectMethodHandle$Holder.invokeSpecial(java.lang.Object, java.lang.Object, java.lang.Object, java.lang.Object, java.lang.Object)'> (0x0000000718b43b10) 
thrown [s\src\hotspot\share\interpreter\linkResolver.cpp, line 784]
Event: 2.071 Thread 0x000001e99836bc00 Exception <a 'java/lang/NoSuchMethodError'{0x0000000718d3acc8}: 'void java.lang.invoke.DirectMethodHandle$Holder.invokeStatic(java.lang.Object, java.lang.Object)'> (0x0000000718d3acc8) 
thrown [s\src\hotspot\share\interpreter\linkResolver.cpp, line 784]
Event: 2.072 Thread 0x000001e9983b3930 Exception <a 'java/lang/NoSuchMethodError'{0x0000000718b84270}: 'void java.lang.invoke.DirectMethodHandle$Holder.invokeInterface(java.lang.Object, java.lang.Object, java.lang.Object)'> (0x0000000718b84270) 
thrown [s\src\hotspot\share\interpreter\linkResolver.cpp, line 784]
Event: 2.078 Thread 0x000001e9983b3930 Exception <a 'java/lang/NoSuchMethodError'{0x0000000718bc9bc0}: 'void java.lang.invoke.DirectMethodHandle$Holder.invokeVirtual(java.lang.Object, java.lang.Object)'> (0x0000000718bc9bc0) 
thrown [s\src\hotspot\share\interpreter\linkResolver.cpp, line 784]
Event: 2.188 Thread 0x000001e9983b3930 Exception <a 'java/lang/NoSuchMethodError'{0x00000007189ccbb8}: 'void java.lang.invoke.DirectMethodHandle$Holder.invokeInterface(java.lang.Object, java.lang.Object)'> (0x00000007189ccbb8) 
thrown [s\src\hotspot\share\interpreter\linkResolver.cpp, line 784]
Event: 2.228 Thread 0x000001e9983b3930 Exception <a 'java/lang/NoSuchMethodError'{0x000000071863f390}: 'void java.lang.invoke.DirectMethodHandle$Holder.invokeStatic(java.lang.Object, java.lang.Object, java.lang.Object, java.lang.Object)'> (0x000000071863f390) 
thrown [s\src\hotspot\share\interpreter\linkResolver.cpp, line 784]

ZGC Phase Switch (0 events):
No events

VM Operations (12 events):
Event: 0.578 Executing VM operation: HandshakeAllThreads (Deoptimize)
Event: 0.578 Executing VM operation: HandshakeAllThreads (Deoptimize) done
Event: 0.589 Executing VM operation: HandshakeAllThreads (Deoptimize)
Event: 0.589 Executing VM operation: HandshakeAllThreads (Deoptimize) done
Event: 0.777 Executing VM operation: HandshakeAllThreads (Deoptimize)
Event: 0.777 Executing VM operation: HandshakeAllThreads (Deoptimize) done
Event: 1.791 Executing VM operation: Cleanup
Event: 1.900 Executing VM operation: Cleanup done
Event: 2.907 Executing VM operation: Cleanup
Event: 2.907 Executing VM operation: Cleanup done
Event: 3.916 Executing VM operation: Cleanup
Event: 3.916 Executing VM operation: Cleanup done

Memory protections (0 events):
No events

Nmethod flushes (0 events):
No events

Events (20 events):
Event: 0.514 Thread 0x000001e9f919f470 Thread added: 0x000001e9934ad300
Event: 0.515 Thread 0x000001e9f919f470 Thread added: 0x000001e9934ae210
Event: 0.515 Thread 0x000001e9f919f470 Thread added: 0x000001e9934c7860
Event: 0.515 Thread 0x000001e9f919f470 Thread added: 0x000001e9934c82b0
Event: 0.515 Thread 0x000001e9f919f470 Thread added: 0x000001e9934c8d00
Event: 0.515 Thread 0x000001e9f919f470 Thread added: 0x000001e9934d1840
Event: 0.515 Thread 0x000001e9f919f470 Thread added: 0x000001e9934f9840
Event: 0.549 Thread 0x000001e9f919f470 Thread added: 0x000001e993679ba0
Event: 0.555 Thread 0x000001e9f919f470 Thread added: 0x000001e993680230
Event: 0.563 Loaded shared library C:\Program Files\Android\Android Studio\jbr\bin\net.dll
Event: 0.565 Loaded shared library C:\Program Files\Android\Android Studio\jbr\bin\nio.dll
Event: 0.573 Loaded shared library C:\Program Files\Android\Android Studio\jbr\bin\zip.dll
Event: 0.656 Loaded shared library C:\Program Files\Android\Android Studio\jbr\bin\jimage.dll
Event: 1.997 Loaded shared library C:\Program Files\Android\Android Studio\jbr\bin\extnet.dll
Event: 2.004 Thread 0x000001e9f919f470 Thread added: 0x000001e99836bc00
Event: 2.070 Thread 0x000001e99836bc00 Thread added: 0x000001e9983b3930
Event: 2.086 Thread 0x000001e99836bc00 Thread added: 0x000001e9983bd7f0
Event: 2.129 Thread 0x000001e9934f9840 Thread added: 0x000001e9983e2050
Event: 2.132 Thread 0x000001e9934f9840 Thread added: 0x000001e9984ee2e0
Event: 3.263 Thread 0x000001e9984ee2e0 Thread exited: 0x000001e9984ee2e0


Dynamic libraries:
0x00007ff67c370000 - 0x00007ff67c37a000 	C:\Program Files\Android\Android Studio\jbr\bin\java.exe
0x00007ffa23660000 - 0x00007ffa238c6000 	C:\WINDOWS\SYSTEM32\ntdll.dll
0x00007ffa22370000 - 0x00007ffa22439000 	C:\WINDOWS\System32\KERNEL32.DLL
0x00007ffa21050000 - 0x00007ffa2141c000 	C:\WINDOWS\System32\KERNELBASE.dll
0x00007ffa20c50000 - 0x00007ffa20d9b000 	C:\WINDOWS\System32\ucrtbase.dll
0x00007ffa16fe0000 - 0x00007ffa16ff8000 	C:\Program Files\Android\Android Studio\jbr\bin\jli.dll
0x00007ffa1d750000 - 0x00007ffa1d76b000 	C:\Program Files\Android\Android Studio\jbr\bin\VCRUNTIME140.dll
0x00007ffa21860000 - 0x00007ffa21a2a000 	C:\WINDOWS\System32\USER32.dll
0x00007ffa0f190000 - 0x00007ffa0f42a000 	C:\WINDOWS\WinSxS\amd64_microsoft.windows.common-controls_6595b64144ccf1df_6.0.26100.3912_none_3e07963ce335137e\COMCTL32.dll
0x00007ffa20c20000 - 0x00007ffa20c47000 	C:\WINDOWS\System32\win32u.dll
0x00007ffa23470000 - 0x00007ffa23519000 	C:\WINDOWS\System32\msvcrt.dll
0x00007ffa23100000 - 0x00007ffa2312b000 	C:\WINDOWS\System32\GDI32.dll
0x00007ffa208b0000 - 0x00007ffa209e2000 	C:\WINDOWS\System32\gdi32full.dll
0x00007ffa20b70000 - 0x00007ffa20c13000 	C:\WINDOWS\System32\msvcp_win.dll
0x00007ffa225f0000 - 0x00007ffa22620000 	C:\WINDOWS\System32\IMM32.DLL
0x00007ffa1b650000 - 0x00007ffa1b65c000 	C:\Program Files\Android\Android Studio\jbr\bin\vcruntime140_1.dll
0x00007ff9f32b0000 - 0x00007ff9f333d000 	C:\Program Files\Android\Android Studio\jbr\bin\msvcp140.dll
0x00007ff9985c0000 - 0x00007ff99924b000 	C:\Program Files\Android\Android Studio\jbr\bin\server\jvm.dll
0x00007ffa22650000 - 0x00007ffa22702000 	C:\WINDOWS\System32\ADVAPI32.dll
0x00007ffa217b0000 - 0x00007ffa21856000 	C:\WINDOWS\System32\sechost.dll
0x00007ffa23130000 - 0x00007ffa23246000 	C:\WINDOWS\System32\RPCRT4.dll
0x00007ffa23030000 - 0x00007ffa230a4000 	C:\WINDOWS\System32\WS2_32.dll
0x00007ffa1ff50000 - 0x00007ffa1ffae000 	C:\WINDOWS\SYSTEM32\POWRPROF.dll
0x00007ffa19670000 - 0x00007ffa196a6000 	C:\WINDOWS\SYSTEM32\WINMM.dll
0x00007ffa196b0000 - 0x00007ffa196bb000 	C:\WINDOWS\SYSTEM32\VERSION.dll
0x00007ffa1ff30000 - 0x00007ffa1ff44000 	C:\WINDOWS\SYSTEM32\UMPDC.dll
0x00007ffa1f5b0000 - 0x00007ffa1f5ca000 	C:\WINDOWS\SYSTEM32\kernel.appcore.dll
0x00007ffa1b600000 - 0x00007ffa1b60a000 	C:\Program Files\Android\Android Studio\jbr\bin\jimage.dll
0x00007ffa12ba0000 - 0x00007ffa12de1000 	C:\WINDOWS\SYSTEM32\DBGHELP.DLL
0x00007ffa21420000 - 0x00007ffa217a4000 	C:\WINDOWS\System32\combase.dll
0x00007ffa21d80000 - 0x00007ffa21e60000 	C:\WINDOWS\System32\OLEAUT32.dll
0x00007ffa04940000 - 0x00007ffa04979000 	C:\WINDOWS\SYSTEM32\dbgcore.DLL
0x00007ffa20da0000 - 0x00007ffa20e39000 	C:\WINDOWS\System32\bcryptPrimitives.dll
0x00007ffa16f00000 - 0x00007ffa16f20000 	C:\Program Files\Android\Android Studio\jbr\bin\java.dll
0x00007ffa16c40000 - 0x00007ffa16c58000 	C:\Program Files\Android\Android Studio\jbr\bin\zip.dll
0x00007ffa22710000 - 0x00007ffa22e3d000 	C:\WINDOWS\System32\SHELL32.dll
0x00007ffa20e40000 - 0x00007ffa20fb4000 	C:\WINDOWS\System32\wintypes.dll
0x00007ffa1e440000 - 0x00007ffa1ec96000 	C:\WINDOWS\SYSTEM32\windows.storage.dll
0x00007ffa21a50000 - 0x00007ffa21b3f000 	C:\WINDOWS\System32\SHCORE.dll
0x00007ffa22300000 - 0x00007ffa22369000 	C:\WINDOWS\System32\shlwapi.dll
0x00007ffa20700000 - 0x00007ffa2072f000 	C:\WINDOWS\SYSTEM32\profapi.dll
0x00007ffa1b570000 - 0x00007ffa1b580000 	C:\Program Files\Android\Android Studio\jbr\bin\net.dll
0x00007ffa16ce0000 - 0x00007ffa16dfe000 	C:\WINDOWS\SYSTEM32\WINHTTP.dll
0x00007ffa1fb90000 - 0x00007ffa1fbfa000 	C:\WINDOWS\system32\mswsock.dll
0x00007ffa144a0000 - 0x00007ffa144b6000 	C:\Program Files\Android\Android Studio\jbr\bin\nio.dll
0x00007ffa1fe30000 - 0x00007ffa1fe4c000 	C:\WINDOWS\SYSTEM32\CRYPTSP.dll
0x00007ffa1f510000 - 0x00007ffa1f54a000 	C:\WINDOWS\system32\rsaenh.dll
0x00007ffa1fc30000 - 0x00007ffa1fc5b000 	C:\WINDOWS\SYSTEM32\USERENV.dll
0x00007ffa206d0000 - 0x00007ffa206f6000 	C:\WINDOWS\SYSTEM32\bcrypt.dll
0x00007ffa1fe50000 - 0x00007ffa1fe5c000 	C:\WINDOWS\SYSTEM32\CRYPTBASE.dll
0x00007ffa1f020000 - 0x00007ffa1f053000 	C:\WINDOWS\SYSTEM32\IPHLPAPI.DLL
0x00007ffa22630000 - 0x00007ffa2263a000 	C:\WINDOWS\System32\NSI.dll
0x00007ff9ba670000 - 0x00007ff9ba678000 	C:\WINDOWS\system32\wshunix.dll
0x00007ffa170a0000 - 0x00007ffa170a9000 	C:\Program Files\Android\Android Studio\jbr\bin\extnet.dll

dbghelp: loaded successfully - version: 4.0.5 - missing functions: none
symbol engine: initialized successfully - sym options: 0x614 - pdb path: .;C:\Program Files\Android\Android Studio\jbr\bin;C:\WINDOWS\SYSTEM32;C:\WINDOWS\WinSxS\amd64_microsoft.windows.common-controls_6595b64144ccf1df_6.0.26100.3912_none_3e07963ce335137e;C:\Program Files\Android\Android Studio\jbr\bin\server

VM Arguments:
java_command: git4idea.http.GitAskPassApp Username for 'https://github.com': 
java_class_path (initial): C:/Program Files/Android/Android Studio/plugins/vcs-git/lib/git4idea-rt.jar;C:/Program Files/Android/Android Studio/lib/externalProcess-rt.jar
Launcher Type: SUN_STANDARD

[Global flags]
     intx CICompilerCount                          = 4                                         {product} {ergonomic}
     uint ConcGCThreads                            = 3                                         {product} {ergonomic}
     uint G1ConcRefinementThreads                  = 10                                        {product} {ergonomic}
   size_t G1HeapRegionSize                         = 2097152                                   {product} {ergonomic}
    uintx GCDrainStackTargetSize                   = 64                                        {product} {ergonomic}
   size_t InitialHeapSize                          = 260046848                                 {product} {ergonomic}
   size_t MarkStackSize                            = 4194304                                   {product} {ergonomic}
   size_t MaxHeapSize                              = 4129292288                                {product} {ergonomic}
   size_t MaxNewSize                               = 2476736512                                {product} {ergonomic}
   size_t MinHeapDeltaBytes                        = 2097152                                   {product} {ergonomic}
   size_t MinHeapSize                              = 8388608                                   {product} {ergonomic}
    uintx NonNMethodCodeHeapSize                   = 5839372                                {pd product} {ergonomic}
    uintx NonProfiledCodeHeapSize                  = 122909434                              {pd product} {ergonomic}
    uintx ProfiledCodeHeapSize                     = 122909434                              {pd product} {ergonomic}
    uintx ReservedCodeCacheSize                    = 251658240                              {pd product} {ergonomic}
     bool SegmentedCodeCache                       = true                                      {product} {ergonomic}
   size_t SoftMaxHeapSize                          = 4129292288                             {manageable} {ergonomic}
     bool UseCompressedOops                        = true                           {product lp64_product} {ergonomic}
     bool UseG1GC                                  = true                                      {product} {ergonomic}
     bool UseLargePagesIndividualAllocation        = false                                  {pd product} {ergonomic}

Logging:
Log output configuration:
 #0: stdout all=warning uptime,level,tags foldmultilines=false
 #1: stderr all=off uptime,level,tags foldmultilines=false

Environment Variables:
PATH=C:\Program Files\Git\mingw64\libexec\git-core;C:\Program Files\Git\mingw64\libexec\git-core;C:\Program Files\Git\mingw64\bin;C:\Program Files\Git\usr\bin;C:\Users\ADMIN\bin;C:\WINDOWS\system32;C:\WINDOWS;C:\WINDOWS\System32\Wbem;C:\WINDOWS\System32\WindowsPowerShell\v1.0;C:\WINDOWS\System32\OpenSSH;C:\Program Files (x86)\Microsoft SQL Server\Client SDK\ODBC\110\Tools\Binn;C:\Program Files (x86)\Microsoft SQL Server\120\Tools\Binn;C:\Program Files (x86)\Microsoft SQL Server\120\DTS\Binn;C:\Users\ADMIN\AppData\Local\Microsoft\WindowsApps;C:\Users\ADMIN\AppData\Local\Programs\Microsoft VS Code\bin
USERNAME=ADMIN
DISPLAY=:0.0
LC_ALL=en_US.UTF-8
TERM=xterm-256color
TMPDIR=C:\Users\ADMIN\AppData\Local\Temp
OS=Windows_NT
PROCESSOR_IDENTIFIER=AMD64 Family 25 Model 80 Stepping 0, AuthenticAMD
TMP=C:\Users\ADMIN\AppData\Local\Temp
TEMP=C:\Users\ADMIN\AppData\Local\Temp




Periodic native trim disabled

JNI global refs:
JNI global refs: 20, weak refs: 0

JNI global refs memory usage: 835, weak refs: 201

Process memory usage:
Resident Set Size: 83652K (0% of 16129328K total physical memory with 3007536K free physical memory)

OOME stack traces (most recent first):
Classloader memory used:
Loader bootstrap                                                                       : 15098K
Loader jdk.internal.loader.ClassLoaders$PlatformClassLoader                            : 1784K
Loader jdk.internal.loader.ClassLoaders$AppClassLoader                                 : 16448B

---------------  S Y S T E M  ---------------

OS:
 Windows 11 , 64 bit Build 26100 (10.0.26100.3912)
OS uptime: 1 days 19:38 hours
Hyper-V role detected

CPU: total 12 (initial active 12) (12 cores per cpu, 2 threads per core) family 25 model 80 stepping 0 microcode 0xa50000d, cx8, cmov, fxsr, ht, mmx, 3dnowpref, sse, sse2, sse3, ssse3, sse4a, sse4.1, sse4.2, popcnt, lzcnt, tsc, tscinvbit, avx, avx2, aes, erms, clmul, bmi1, bmi2, adx, sha, fma, vzeroupper, clflush, clflushopt, hv, rdtscp, rdpid, fsrm, f16c, cet_ss
Processor Information for processor 0
  Max Mhz: 2000, Current Mhz: 1808, Mhz Limit: 2000
Processor Information for processor 1
  Max Mhz: 2000, Current Mhz: 1808, Mhz Limit: 2000
Processor Information for processor 2
  Max Mhz: 2000, Current Mhz: 2000, Mhz Limit: 2000
Processor Information for processor 3
  Max Mhz: 2000, Current Mhz: 1808, Mhz Limit: 2000
Processor Information for processor 4
  Max Mhz: 2000, Current Mhz: 1808, Mhz Limit: 2000
Processor Information for processor 5
  Max Mhz: 2000, Current Mhz: 1808, Mhz Limit: 2000
Processor Information for processor 6
  Max Mhz: 2000, Current Mhz: 1808, Mhz Limit: 2000
Processor Information for processor 7
  Max Mhz: 2000, Current Mhz: 1808, Mhz Limit: 2000
Processor Information for processor 8
  Max Mhz: 2000, Current Mhz: 1808, Mhz Limit: 2000
Processor Information for processor 9
  Max Mhz: 2000, Current Mhz: 1808, Mhz Limit: 2000
Processor Information for processor 10
  Max Mhz: 2000, Current Mhz: 1808, Mhz Limit: 2000
Processor Information for processor 11
  Max Mhz: 2000, Current Mhz: 1808, Mhz Limit: 2000

Memory: 4k page, system-wide physical 15751M (2937M free)
TotalPageFile size 19847M (AvailPageFile size 5M)
current process WorkingSet (physical memory assigned to process): 81M, peak: 84M
current process commit charge ("private bytes"): 356M, peak: 360M

vm_info: OpenJDK 64-Bit Server VM (21.0.6+-13368085-b895.109) for windows-amd64 JRE (21.0.6+-13368085-b895.109), built on 2025-04-16T17:01:31Z by "builder" with MS VC++ 16.10 / 16.11 (VS2019)

END.
